[2024-09-05 20:38:08] Check model.
[2024-09-05 20:38:08] Cell2Vec(
  (encoder): GATEncoder(
    (loss_type): PReLU(num_parameters=1)
    (conv): GATConv([972, 972], 64, heads=2)
    (bn): LayerNorm((128,), eps=1e-05, elementwise_affine=True)
    (prelu): PReLU(num_parameters=128)
  )
  (embeddings): Embedding(39, 384)
  (projector): Sequential(
    (0): Linear(in_features=128, out_features=384, bias=True)
    (1): Dropout(p=0.5, inplace=False)
  )
  (edge_position_embedding): Embedding(11, 32)
  (edge_angle_embedding): Embedding(11, 32)
)
[2024-09-05 20:38:08] Start training.
[2024-09-05 20:38:16] Epoch=0001 Loss=99.0106
[2024-09-05 20:38:22] Epoch=0002 Loss=134.9305
[2024-09-05 20:38:29] Epoch=0003 Loss=89.2830
[2024-09-05 20:38:35] Epoch=0004 Loss=51.3197
[2024-09-05 20:38:42] Epoch=0005 Loss=38.9825
[2024-09-05 20:38:48] Epoch=0006 Loss=32.7553
[2024-09-05 20:38:55] Epoch=0007 Loss=28.0433
[2024-09-05 20:39:02] Epoch=0008 Loss=24.6613
[2024-09-05 20:39:08] Epoch=0009 Loss=21.9011
[2024-09-05 20:39:15] Epoch=0010 Loss=19.7819
[2024-09-05 20:39:21] Epoch=0011 Loss=18.4662
[2024-09-05 20:39:27] Epoch=0012 Loss=17.4027
[2024-09-05 20:39:34] Epoch=0013 Loss=16.8237
[2024-09-05 20:39:41] Epoch=0014 Loss=15.9544
[2024-09-05 20:39:47] Epoch=0015 Loss=16.3804
[2024-09-05 20:39:54] Epoch=0016 Loss=18.0997
[2024-09-05 20:40:00] Epoch=0017 Loss=18.3016
[2024-09-05 20:40:07] Epoch=0018 Loss=14.9079
[2024-09-05 20:40:13] Epoch=0019 Loss=12.3060
[2024-09-05 20:40:19] Epoch=0020 Loss=10.0865
[2024-09-05 20:40:26] Epoch=0021 Loss=8.8291
[2024-09-05 20:40:32] Epoch=0022 Loss=7.7381
[2024-09-05 20:40:39] Epoch=0023 Loss=7.1161
[2024-09-05 20:40:45] Epoch=0024 Loss=6.5962
[2024-09-05 20:40:51] Epoch=0025 Loss=6.1803
[2024-09-05 20:40:58] Epoch=0026 Loss=5.7803
[2024-09-05 20:41:05] Epoch=0027 Loss=5.4766
[2024-09-05 20:41:11] Epoch=0028 Loss=5.2063
[2024-09-05 20:41:17] Epoch=0029 Loss=4.9373
[2024-09-05 20:41:24] Epoch=0030 Loss=4.8041
[2024-09-05 20:41:31] Epoch=0031 Loss=4.5196
[2024-09-05 20:41:37] Epoch=0032 Loss=4.3665
[2024-09-05 20:41:43] Epoch=0033 Loss=4.1975
[2024-09-05 20:41:50] Epoch=0034 Loss=4.0036
[2024-09-05 20:41:57] Epoch=0035 Loss=3.8598
[2024-09-05 20:42:03] Epoch=0036 Loss=3.7487
[2024-09-05 20:42:09] Epoch=0037 Loss=3.6375
[2024-09-05 20:42:16] Epoch=0038 Loss=3.5314
[2024-09-05 20:42:22] Epoch=0039 Loss=3.4481
[2024-09-05 20:42:29] Epoch=0040 Loss=3.4591
[2024-09-05 20:42:35] Epoch=0041 Loss=3.4398
[2024-09-05 20:42:42] Epoch=0042 Loss=3.4240
[2024-09-05 20:42:48] Epoch=0043 Loss=3.5417
[2024-09-05 20:42:54] Epoch=0044 Loss=3.5655
[2024-09-05 20:43:01] Epoch=0045 Loss=3.6171
[2024-09-05 20:43:07] Epoch=0046 Loss=3.6315
[2024-09-05 20:43:14] Epoch=0047 Loss=3.2272
[2024-09-05 20:43:20] Epoch=0048 Loss=2.8851
[2024-09-05 20:43:27] Epoch=0049 Loss=2.6843
[2024-09-05 20:43:33] Epoch=0050 Loss=2.5299
[2024-09-05 20:43:39] Epoch=0051 Loss=2.4009
[2024-09-05 20:43:46] Epoch=0052 Loss=2.3109
[2024-09-05 20:43:52] Epoch=0053 Loss=2.2212
[2024-09-05 20:43:59] Epoch=0054 Loss=2.1284
[2024-09-05 20:44:05] Epoch=0055 Loss=2.0642
[2024-09-05 20:44:12] Epoch=0056 Loss=2.0170
[2024-09-05 20:44:18] Epoch=0057 Loss=1.9707
[2024-09-05 20:44:25] Epoch=0058 Loss=1.9219
[2024-09-05 20:44:31] Epoch=0059 Loss=1.8520
[2024-09-05 20:44:38] Epoch=0060 Loss=1.8257
[2024-09-05 20:44:44] Epoch=0061 Loss=1.7757
[2024-09-05 20:44:50] Epoch=0062 Loss=1.7548
[2024-09-05 20:44:55] Epoch=0063 Loss=1.7194
[2024-09-05 20:45:01] Epoch=0064 Loss=1.7031
[2024-09-05 20:45:07] Epoch=0065 Loss=1.6902
[2024-09-05 20:45:13] Epoch=0066 Loss=1.6753
[2024-09-05 20:45:20] Epoch=0067 Loss=1.6635
[2024-09-05 20:45:25] Epoch=0068 Loss=1.6685
[2024-09-05 20:45:31] Epoch=0069 Loss=1.6588
[2024-09-05 20:45:37] Epoch=0070 Loss=1.6505
[2024-09-05 20:45:43] Epoch=0071 Loss=1.7023
[2024-09-05 20:45:49] Epoch=0072 Loss=1.7407
[2024-09-05 20:45:55] Epoch=0073 Loss=1.7799
[2024-09-05 20:46:01] Epoch=0074 Loss=1.8309
[2024-09-05 20:46:06] Epoch=0075 Loss=1.8750
[2024-09-05 20:46:12] Epoch=0076 Loss=1.6611
[2024-09-05 20:46:18] Epoch=0077 Loss=1.5595
[2024-09-05 20:46:24] Epoch=0078 Loss=1.4985
[2024-09-05 20:46:30] Epoch=0079 Loss=1.4412
[2024-09-05 20:46:36] Epoch=0080 Loss=1.3983
[2024-09-05 20:46:42] Epoch=0081 Loss=1.3629
[2024-09-05 20:46:48] Epoch=0082 Loss=1.3445
[2024-09-05 20:46:53] Epoch=0083 Loss=1.3150
[2024-09-05 20:46:59] Epoch=0084 Loss=1.3122
[2024-09-05 20:47:05] Epoch=0085 Loss=1.2814
[2024-09-05 20:47:11] Epoch=0086 Loss=1.2667
[2024-09-05 20:47:17] Epoch=0087 Loss=1.2541
[2024-09-05 20:47:23] Epoch=0088 Loss=1.2354
[2024-09-05 20:47:29] Epoch=0089 Loss=1.2412
[2024-09-05 20:47:35] Epoch=0090 Loss=1.2283
[2024-09-05 20:47:41] Epoch=0091 Loss=1.2334
[2024-09-05 20:47:47] Epoch=0092 Loss=1.2215
[2024-09-05 20:47:53] Epoch=0093 Loss=1.2231
[2024-09-05 20:47:59] Epoch=0094 Loss=1.2251
[2024-09-05 20:48:05] Epoch=0095 Loss=1.2198
[2024-09-05 20:48:11] Epoch=0096 Loss=1.2162
[2024-09-05 20:48:17] Epoch=0097 Loss=1.2429
[2024-09-05 20:48:23] Epoch=0098 Loss=1.2616
[2024-09-05 20:48:29] Epoch=0099 Loss=1.2744
[2024-09-05 20:48:35] Epoch=0100 Loss=1.2271
[2024-09-05 20:48:41] Epoch=0101 Loss=1.1898
[2024-09-05 20:48:47] Epoch=0102 Loss=1.1590
[2024-09-05 20:48:53] Epoch=0103 Loss=1.1490
[2024-09-05 20:49:00] Epoch=0104 Loss=1.1211
[2024-09-05 20:49:05] Epoch=0105 Loss=1.1032
[2024-09-05 20:49:11] Epoch=0106 Loss=1.0986
[2024-09-05 20:49:17] Epoch=0107 Loss=1.0934
[2024-09-05 20:49:23] Epoch=0108 Loss=1.0958
[2024-09-05 20:49:29] Epoch=0109 Loss=1.0929
[2024-09-05 20:49:35] Epoch=0110 Loss=1.0890
[2024-09-05 20:49:41] Epoch=0111 Loss=1.0798
[2024-09-05 20:49:47] Epoch=0112 Loss=1.0786
[2024-09-05 20:49:53] Epoch=0113 Loss=1.0837
[2024-09-05 20:49:59] Epoch=0114 Loss=1.0948
[2024-09-05 20:50:05] Epoch=0115 Loss=1.1106
[2024-09-05 20:50:11] Epoch=0116 Loss=1.1174
[2024-09-05 20:50:17] Epoch=0117 Loss=1.1436
[2024-09-05 20:50:23] Epoch=0118 Loss=1.1081
[2024-09-05 20:50:29] Epoch=0119 Loss=1.0730
[2024-09-05 20:50:35] Epoch=0120 Loss=1.0558
[2024-09-05 20:50:42] Epoch=0121 Loss=1.0449
[2024-09-05 20:50:48] Epoch=0122 Loss=1.0384
[2024-09-05 20:50:54] Epoch=0123 Loss=1.0247
[2024-09-05 20:51:00] Epoch=0124 Loss=1.0236
[2024-09-05 20:51:06] Epoch=0125 Loss=1.0168
[2024-09-05 20:51:12] Epoch=0126 Loss=1.0118
[2024-09-05 20:51:18] Epoch=0127 Loss=1.0034
[2024-09-05 20:51:24] Epoch=0128 Loss=0.9953
[2024-09-05 20:51:30] Epoch=0129 Loss=0.9910
[2024-09-05 20:51:35] Epoch=0130 Loss=0.9874
[2024-09-05 20:51:41] Epoch=0131 Loss=0.9830
[2024-09-05 20:51:47] Epoch=0132 Loss=0.9852
[2024-09-05 20:51:53] Epoch=0133 Loss=0.9865
[2024-09-05 20:51:59] Epoch=0134 Loss=0.9884
[2024-09-05 20:52:05] Epoch=0135 Loss=0.9918
[2024-09-05 20:52:11] Epoch=0136 Loss=0.9866
[2024-09-05 20:52:17] Epoch=0137 Loss=0.9779
[2024-09-05 20:52:23] Epoch=0138 Loss=0.9728
[2024-09-05 20:52:29] Epoch=0139 Loss=0.9737
[2024-09-05 20:52:35] Epoch=0140 Loss=0.9760
[2024-09-05 20:52:41] Epoch=0141 Loss=0.9830
[2024-09-05 20:52:47] Epoch=0142 Loss=0.9833
[2024-09-05 20:52:53] Epoch=0143 Loss=0.9761
[2024-09-05 20:52:59] Epoch=0144 Loss=0.9750
[2024-09-05 20:53:05] Epoch=0145 Loss=0.9722
[2024-09-05 20:53:11] Epoch=0146 Loss=0.9618
[2024-09-05 20:53:17] Epoch=0147 Loss=0.9552
[2024-09-05 20:53:23] Epoch=0148 Loss=0.9593
[2024-09-05 20:53:29] Epoch=0149 Loss=0.9564
[2024-09-05 20:53:35] Epoch=0150 Loss=0.9605
[2024-09-05 20:53:41] Epoch=0151 Loss=0.9573
[2024-09-05 20:53:46] Epoch=0152 Loss=0.9519
[2024-09-05 20:53:52] Epoch=0153 Loss=0.9551
[2024-09-05 20:53:58] Epoch=0154 Loss=0.9448
[2024-09-05 20:54:04] Epoch=0155 Loss=0.9420
[2024-09-05 20:54:10] Epoch=0156 Loss=0.9406
[2024-09-05 20:54:16] Epoch=0157 Loss=0.9347
[2024-09-05 20:54:22] Epoch=0158 Loss=0.9384
[2024-09-05 20:54:28] Epoch=0159 Loss=0.9346
[2024-09-05 20:54:34] Epoch=0160 Loss=0.9320
[2024-09-05 20:54:40] Epoch=0161 Loss=0.9337
[2024-09-05 20:54:46] Epoch=0162 Loss=0.9377
[2024-09-05 20:54:52] Epoch=0163 Loss=0.9238
[2024-09-05 20:54:58] Epoch=0164 Loss=0.9205
[2024-09-05 20:55:04] Epoch=0165 Loss=0.9185
[2024-09-05 20:55:10] Epoch=0166 Loss=0.9173
[2024-09-05 20:55:16] Epoch=0167 Loss=0.9169
[2024-09-05 20:55:22] Epoch=0168 Loss=0.9132
[2024-09-05 20:55:28] Epoch=0169 Loss=0.9128
[2024-09-05 20:55:34] Epoch=0170 Loss=0.9123
[2024-09-05 20:55:40] Epoch=0171 Loss=0.9084
[2024-09-05 20:55:46] Epoch=0172 Loss=0.9046
[2024-09-05 20:55:52] Epoch=0173 Loss=0.9079
[2024-09-05 20:55:58] Epoch=0174 Loss=0.9152
[2024-09-05 20:56:04] Epoch=0175 Loss=0.9207
[2024-09-05 20:56:10] Epoch=0176 Loss=0.9227
[2024-09-05 20:56:16] Epoch=0177 Loss=0.9264
[2024-09-05 20:56:22] Epoch=0178 Loss=0.9204
[2024-09-05 20:56:28] Epoch=0179 Loss=0.9091
[2024-09-05 20:56:34] Epoch=0180 Loss=0.9081
[2024-09-05 20:56:39] Epoch=0181 Loss=0.9115
[2024-09-05 20:56:45] Epoch=0182 Loss=0.9163
[2024-09-05 20:56:51] Epoch=0183 Loss=0.9141
[2024-09-05 20:56:57] Epoch=0184 Loss=0.9144
[2024-09-05 20:57:03] Epoch=0185 Loss=0.9145
[2024-09-05 20:57:09] Epoch=0186 Loss=0.9221
[2024-09-05 20:57:15] Epoch=0187 Loss=0.9143
[2024-09-05 20:57:22] Epoch=0188 Loss=0.9130
[2024-09-05 20:57:28] Epoch=0189 Loss=0.9012
[2024-09-05 20:57:34] Epoch=0190 Loss=0.8980
[2024-09-05 20:57:40] Epoch=0191 Loss=0.8919
[2024-09-05 20:57:46] Epoch=0192 Loss=0.8861
[2024-09-05 20:57:52] Epoch=0193 Loss=0.8831
[2024-09-05 20:57:59] Epoch=0194 Loss=0.8843
[2024-09-05 20:58:05] Epoch=0195 Loss=0.8870
[2024-09-05 20:58:11] Epoch=0196 Loss=0.8878
[2024-09-05 20:58:17] Epoch=0197 Loss=0.8953
[2024-09-05 20:58:23] Epoch=0198 Loss=0.9032
[2024-09-05 20:58:29] Epoch=0199 Loss=0.9036
[2024-09-05 20:58:35] Epoch=0200 Loss=0.9003
[2024-09-05 20:58:41] Epoch=0201 Loss=0.8988
[2024-09-05 20:58:47] Epoch=0202 Loss=0.8925
[2024-09-05 20:58:53] Epoch=0203 Loss=0.8909
[2024-09-05 20:58:59] Epoch=0204 Loss=0.8856
[2024-09-05 20:59:05] Epoch=0205 Loss=0.8807
[2024-09-05 20:59:12] Epoch=0206 Loss=0.8763
[2024-09-05 20:59:18] Epoch=0207 Loss=0.8714
[2024-09-05 20:59:24] Epoch=0208 Loss=0.8702
[2024-09-05 20:59:30] Epoch=0209 Loss=0.8691
[2024-09-05 20:59:37] Epoch=0210 Loss=0.8703
[2024-09-05 20:59:43] Epoch=0211 Loss=0.8758
[2024-09-05 20:59:49] Epoch=0212 Loss=0.8750
[2024-09-05 20:59:54] Epoch=0213 Loss=0.8737
[2024-09-05 21:00:01] Epoch=0214 Loss=0.8777
[2024-09-05 21:00:07] Epoch=0215 Loss=0.8824
[2024-09-05 21:00:13] Epoch=0216 Loss=0.8856
[2024-09-05 21:00:19] Epoch=0217 Loss=0.8875
[2024-09-05 21:00:25] Epoch=0218 Loss=0.8896
[2024-09-05 21:00:31] Epoch=0219 Loss=0.8910
[2024-09-05 21:00:37] Epoch=0220 Loss=0.8933
[2024-09-05 21:00:43] Epoch=0221 Loss=0.8978
[2024-09-05 21:00:49] Epoch=0222 Loss=0.8963
[2024-09-05 21:00:55] Epoch=0223 Loss=0.8977
[2024-09-05 21:01:00] Epoch=0224 Loss=0.8916
[2024-09-05 21:01:06] Epoch=0225 Loss=0.8845
[2024-09-05 21:01:12] Epoch=0226 Loss=0.8807
[2024-09-05 21:01:18] Epoch=0227 Loss=0.8765
[2024-09-05 21:01:24] Epoch=0228 Loss=0.8682
[2024-09-05 21:01:30] Epoch=0229 Loss=0.8673
[2024-09-05 21:01:36] Epoch=0230 Loss=0.8645
[2024-09-05 21:01:42] Epoch=0231 Loss=0.8602
[2024-09-05 21:01:48] Epoch=0232 Loss=0.8612
[2024-09-05 21:01:54] Epoch=0233 Loss=0.8565
[2024-09-05 21:02:00] Epoch=0234 Loss=0.8574
[2024-09-05 21:02:06] Epoch=0235 Loss=0.8576
[2024-09-05 21:02:12] Epoch=0236 Loss=0.8586
[2024-09-05 21:02:18] Epoch=0237 Loss=0.8593
[2024-09-05 21:02:23] Epoch=0238 Loss=0.8613
[2024-09-05 21:02:29] Epoch=0239 Loss=0.8617
[2024-09-05 21:02:35] Epoch=0240 Loss=0.8646
[2024-09-05 21:02:41] Epoch=0241 Loss=0.8641
[2024-09-05 21:02:47] Epoch=0242 Loss=0.8618
[2024-09-05 21:02:53] Epoch=0243 Loss=0.8582
[2024-09-05 21:02:59] Epoch=0244 Loss=0.8513
[2024-09-05 21:03:05] Epoch=0245 Loss=0.8493
[2024-09-05 21:03:11] Epoch=0246 Loss=0.8518
[2024-09-05 21:03:17] Epoch=0247 Loss=0.8543
[2024-09-05 21:03:23] Epoch=0248 Loss=0.8564
[2024-09-05 21:03:29] Epoch=0249 Loss=0.8522
[2024-09-05 21:03:35] Epoch=0250 Loss=0.8491
[2024-09-05 21:03:41] Epoch=0251 Loss=0.8556
[2024-09-05 21:03:46] Epoch=0252 Loss=0.8590
[2024-09-05 21:03:52] Epoch=0253 Loss=0.8631
[2024-09-05 21:03:58] Epoch=0254 Loss=0.8688
[2024-09-05 21:04:04] Epoch=0255 Loss=0.8645
[2024-09-05 21:04:10] Epoch=0256 Loss=0.8636
[2024-09-05 21:04:16] Epoch=0257 Loss=0.8561
[2024-09-05 21:04:22] Epoch=0258 Loss=0.8483
[2024-09-05 21:04:28] Epoch=0259 Loss=0.8489
[2024-09-05 21:04:34] Epoch=0260 Loss=0.8456
[2024-09-05 21:04:39] Epoch=0261 Loss=0.8397
[2024-09-05 21:04:45] Epoch=0262 Loss=0.8348
[2024-09-05 21:04:51] Epoch=0263 Loss=0.8360
[2024-09-05 21:04:57] Epoch=0264 Loss=0.8391
[2024-09-05 21:05:03] Epoch=0265 Loss=0.8389
[2024-09-05 21:05:09] Epoch=0266 Loss=0.8377
[2024-09-05 21:05:15] Epoch=0267 Loss=0.8420
[2024-09-05 21:05:20] Epoch=0268 Loss=0.8412
[2024-09-05 21:05:26] Epoch=0269 Loss=0.8398
[2024-09-05 21:05:32] Epoch=0270 Loss=0.8425
[2024-09-05 21:05:38] Epoch=0271 Loss=0.8469
[2024-09-05 21:05:44] Epoch=0272 Loss=0.8480
[2024-09-05 21:05:50] Epoch=0273 Loss=0.8365
[2024-09-05 21:05:56] Epoch=0274 Loss=0.8304
[2024-09-05 21:06:02] Epoch=0275 Loss=0.8276
[2024-09-05 21:06:08] Epoch=0276 Loss=0.8280
[2024-09-05 21:06:13] Epoch=0277 Loss=0.8279
[2024-09-05 21:06:19] Epoch=0278 Loss=0.8262
[2024-09-05 21:06:25] Epoch=0279 Loss=0.8294
[2024-09-05 21:06:31] Epoch=0280 Loss=0.8364
[2024-09-05 21:06:37] Epoch=0281 Loss=0.8375
[2024-09-05 21:06:43] Epoch=0282 Loss=0.8450
[2024-09-05 21:06:49] Epoch=0283 Loss=0.8372
[2024-09-05 21:06:55] Epoch=0284 Loss=0.8209
[2024-09-05 21:07:00] Epoch=0285 Loss=0.8191
[2024-09-05 21:07:06] Epoch=0286 Loss=0.8154
[2024-09-05 21:07:12] Epoch=0287 Loss=0.8116
[2024-09-05 21:07:18] Epoch=0288 Loss=0.8150
[2024-09-05 21:07:24] Epoch=0289 Loss=0.8201
[2024-09-05 21:07:30] Epoch=0290 Loss=0.8216
[2024-09-05 21:07:36] Epoch=0291 Loss=0.8134
[2024-09-05 21:07:41] Epoch=0292 Loss=0.8175
[2024-09-05 21:07:47] Epoch=0293 Loss=0.8194
[2024-09-05 21:07:53] Epoch=0294 Loss=0.8245
[2024-09-05 21:07:59] Epoch=0295 Loss=0.8302
[2024-09-05 21:08:05] Epoch=0296 Loss=0.8289
[2024-09-05 21:08:11] Epoch=0297 Loss=0.8195
[2024-09-05 21:08:17] Epoch=0298 Loss=0.8192
[2024-09-05 21:08:23] Epoch=0299 Loss=0.8140
[2024-09-05 21:08:29] Epoch=0300 Loss=0.8117
[2024-09-05 21:08:35] Epoch=0301 Loss=0.8074
[2024-09-05 21:08:41] Epoch=0302 Loss=0.8101
[2024-09-05 21:08:46] Epoch=0303 Loss=0.8082
[2024-09-05 21:08:52] Epoch=0304 Loss=0.8074
[2024-09-05 21:08:58] Epoch=0305 Loss=0.8035
[2024-09-05 21:09:04] Epoch=0306 Loss=0.8025
[2024-09-05 21:09:10] Epoch=0307 Loss=0.8067
[2024-09-05 21:09:16] Epoch=0308 Loss=0.8025
[2024-09-05 21:09:22] Epoch=0309 Loss=0.7968
[2024-09-05 21:09:28] Epoch=0310 Loss=0.7951
[2024-09-05 21:09:33] Epoch=0311 Loss=0.7951
[2024-09-05 21:09:39] Epoch=0312 Loss=0.7941
[2024-09-05 21:09:45] Epoch=0313 Loss=0.7960
[2024-09-05 21:09:51] Epoch=0314 Loss=0.7985
[2024-09-05 21:09:57] Epoch=0315 Loss=0.7976
[2024-09-05 21:10:03] Epoch=0316 Loss=0.8035
[2024-09-05 21:10:09] Epoch=0317 Loss=0.7997
[2024-09-05 21:10:15] Epoch=0318 Loss=0.7991
[2024-09-05 21:10:20] Epoch=0319 Loss=0.7946
[2024-09-05 21:10:26] Epoch=0320 Loss=0.7942
[2024-09-05 21:10:32] Epoch=0321 Loss=0.7917
[2024-09-05 21:10:38] Epoch=0322 Loss=0.7858
[2024-09-05 21:10:44] Epoch=0323 Loss=0.7820
[2024-09-05 21:10:50] Epoch=0324 Loss=0.7824
[2024-09-05 21:10:56] Epoch=0325 Loss=0.7787
[2024-09-05 21:11:02] Epoch=0326 Loss=0.7729
[2024-09-05 21:11:08] Epoch=0327 Loss=0.7742
[2024-09-05 21:11:13] Epoch=0328 Loss=0.7768
[2024-09-05 21:11:19] Epoch=0329 Loss=0.7731
[2024-09-05 21:11:25] Epoch=0330 Loss=0.7696
[2024-09-05 21:11:31] Epoch=0331 Loss=0.7671
[2024-09-05 21:11:37] Epoch=0332 Loss=0.7680
[2024-09-05 21:11:43] Epoch=0333 Loss=0.7693
[2024-09-05 21:11:49] Epoch=0334 Loss=0.7682
[2024-09-05 21:11:55] Epoch=0335 Loss=0.7693
[2024-09-05 21:12:00] Epoch=0336 Loss=0.7699
[2024-09-05 21:12:06] Epoch=0337 Loss=0.7719
[2024-09-05 21:12:12] Epoch=0338 Loss=0.7648
[2024-09-05 21:12:18] Epoch=0339 Loss=0.7633
[2024-09-05 21:12:24] Epoch=0340 Loss=0.7657
[2024-09-05 21:12:30] Epoch=0341 Loss=0.7740
[2024-09-05 21:12:36] Epoch=0342 Loss=0.7844
[2024-09-05 21:12:42] Epoch=0343 Loss=0.7878
[2024-09-05 21:12:48] Epoch=0344 Loss=0.7906
[2024-09-05 21:12:53] Epoch=0345 Loss=0.7893
[2024-09-05 21:12:59] Epoch=0346 Loss=0.7859
[2024-09-05 21:13:05] Epoch=0347 Loss=0.7924
[2024-09-05 21:13:11] Epoch=0348 Loss=0.7883
[2024-09-05 21:13:17] Epoch=0349 Loss=0.7790
[2024-09-05 21:13:23] Epoch=0350 Loss=0.7696
[2024-09-05 21:13:28] Epoch=0351 Loss=0.7617
[2024-09-05 21:13:34] Epoch=0352 Loss=0.7573
[2024-09-05 21:13:41] Epoch=0353 Loss=0.7511
[2024-09-05 21:13:47] Epoch=0354 Loss=0.7483
[2024-09-05 21:13:52] Epoch=0355 Loss=0.7452
[2024-09-05 21:13:58] Epoch=0356 Loss=0.7451
[2024-09-05 21:14:04] Epoch=0357 Loss=0.7416
[2024-09-05 21:14:10] Epoch=0358 Loss=0.7390
[2024-09-05 21:14:16] Epoch=0359 Loss=0.7326
[2024-09-05 21:14:22] Epoch=0360 Loss=0.7269
[2024-09-05 21:14:28] Epoch=0361 Loss=0.7293
[2024-09-05 21:14:34] Epoch=0362 Loss=0.7262
[2024-09-05 21:14:40] Epoch=0363 Loss=0.7265
[2024-09-05 21:14:46] Epoch=0364 Loss=0.7285
[2024-09-05 21:14:52] Epoch=0365 Loss=0.7302
[2024-09-05 21:14:58] Epoch=0366 Loss=0.7402
[2024-09-05 21:15:04] Epoch=0367 Loss=0.7446
[2024-09-05 21:15:09] Epoch=0368 Loss=0.7478
[2024-09-05 21:15:15] Epoch=0369 Loss=0.7570
[2024-09-05 21:15:21] Epoch=0370 Loss=0.7599
[2024-09-05 21:15:27] Epoch=0371 Loss=0.7631
[2024-09-05 21:15:33] Epoch=0372 Loss=0.7520
[2024-09-05 21:15:39] Epoch=0373 Loss=0.7443
[2024-09-05 21:15:45] Epoch=0374 Loss=0.7316
[2024-09-05 21:15:51] Epoch=0375 Loss=0.7232
[2024-09-05 21:15:56] Epoch=0376 Loss=0.7174
[2024-09-05 21:16:02] Epoch=0377 Loss=0.7150
[2024-09-05 21:16:08] Epoch=0378 Loss=0.7089
[2024-09-05 21:16:14] Epoch=0379 Loss=0.7101
[2024-09-05 21:16:20] Epoch=0380 Loss=0.7108
[2024-09-05 21:16:26] Epoch=0381 Loss=0.7101
[2024-09-05 21:16:32] Epoch=0382 Loss=0.7108
[2024-09-05 21:16:38] Epoch=0383 Loss=0.7104
[2024-09-05 21:16:44] Epoch=0384 Loss=0.7112
[2024-09-05 21:16:50] Epoch=0385 Loss=0.7093
[2024-09-05 21:16:56] Epoch=0386 Loss=0.7025
[2024-09-05 21:17:01] Epoch=0387 Loss=0.7075
[2024-09-05 21:17:07] Epoch=0388 Loss=0.7057
[2024-09-05 21:17:13] Epoch=0389 Loss=0.7059
[2024-09-05 21:17:19] Epoch=0390 Loss=0.7127
[2024-09-05 21:17:25] Epoch=0391 Loss=0.7122
[2024-09-05 21:17:31] Epoch=0392 Loss=0.7117
[2024-09-05 21:17:37] Epoch=0393 Loss=0.7137
[2024-09-05 21:17:43] Epoch=0394 Loss=0.7060
[2024-09-05 21:17:48] Epoch=0395 Loss=0.7127
[2024-09-05 21:17:54] Epoch=0396 Loss=0.7089
[2024-09-05 21:18:00] Epoch=0397 Loss=0.7097
[2024-09-05 21:18:06] Epoch=0398 Loss=0.7059
[2024-09-05 21:18:12] Epoch=0399 Loss=0.6998
[2024-09-05 21:18:18] Epoch=0400 Loss=0.6937
[2024-09-05 21:18:24] Epoch=0401 Loss=0.6957
[2024-09-05 21:18:30] Epoch=0402 Loss=0.6940
[2024-09-05 21:18:36] Epoch=0403 Loss=0.6962
[2024-09-05 21:18:42] Epoch=0404 Loss=0.6921
[2024-09-05 21:18:48] Epoch=0405 Loss=0.6930
[2024-09-05 21:18:54] Epoch=0406 Loss=0.6909
[2024-09-05 21:18:59] Epoch=0407 Loss=0.6878
[2024-09-05 21:19:05] Epoch=0408 Loss=0.6877
[2024-09-05 21:19:11] Epoch=0409 Loss=0.6857
[2024-09-05 21:19:17] Epoch=0410 Loss=0.6838
[2024-09-05 21:19:23] Epoch=0411 Loss=0.6879
[2024-09-05 21:19:29] Epoch=0412 Loss=0.6863
[2024-09-05 21:19:35] Epoch=0413 Loss=0.6876
[2024-09-05 21:19:40] Epoch=0414 Loss=0.6910
[2024-09-05 21:19:46] Epoch=0415 Loss=0.6905
[2024-09-05 21:19:52] Epoch=0416 Loss=0.6897
[2024-09-05 21:19:58] Epoch=0417 Loss=0.6843
[2024-09-05 21:20:04] Epoch=0418 Loss=0.6837
[2024-09-05 21:20:10] Epoch=0419 Loss=0.6745
[2024-09-05 21:20:16] Epoch=0420 Loss=0.6801
[2024-09-05 21:20:22] Epoch=0421 Loss=0.6776
[2024-09-05 21:20:28] Epoch=0422 Loss=0.6719
[2024-09-05 21:20:33] Epoch=0423 Loss=0.6690
[2024-09-05 21:20:39] Epoch=0424 Loss=0.6722
[2024-09-05 21:20:45] Epoch=0425 Loss=0.6712
[2024-09-05 21:20:51] Epoch=0426 Loss=0.6694
[2024-09-05 21:20:57] Epoch=0427 Loss=0.6670
[2024-09-05 21:21:03] Epoch=0428 Loss=0.6688
[2024-09-05 21:21:09] Epoch=0429 Loss=0.6706
[2024-09-05 21:21:15] Epoch=0430 Loss=0.6683
[2024-09-05 21:21:21] Epoch=0431 Loss=0.6695
[2024-09-05 21:21:26] Epoch=0432 Loss=0.6746
[2024-09-05 21:21:32] Epoch=0433 Loss=0.6702
[2024-09-05 21:21:38] Epoch=0434 Loss=0.6760
[2024-09-05 21:21:44] Epoch=0435 Loss=0.6788
[2024-09-05 21:21:50] Epoch=0436 Loss=0.6832
[2024-09-05 21:21:56] Epoch=0437 Loss=0.6771
[2024-09-05 21:22:02] Epoch=0438 Loss=0.6698
[2024-09-05 21:22:08] Epoch=0439 Loss=0.6668
[2024-09-05 21:22:14] Epoch=0440 Loss=0.6562
[2024-09-05 21:22:19] Epoch=0441 Loss=0.6580
[2024-09-05 21:22:25] Epoch=0442 Loss=0.6568
[2024-09-05 21:22:31] Epoch=0443 Loss=0.6567
[2024-09-05 21:22:37] Epoch=0444 Loss=0.6538
[2024-09-05 21:22:43] Epoch=0445 Loss=0.6584
[2024-09-05 21:22:49] Epoch=0446 Loss=0.6586
[2024-09-05 21:22:55] Epoch=0447 Loss=0.6606
[2024-09-05 21:23:01] Epoch=0448 Loss=0.6658
[2024-09-05 21:23:07] Epoch=0449 Loss=0.6632
[2024-09-05 21:23:13] Epoch=0450 Loss=0.6634
[2024-09-05 21:23:18] Epoch=0451 Loss=0.6637
[2024-09-05 21:23:24] Epoch=0452 Loss=0.6570
[2024-09-05 21:23:30] Epoch=0453 Loss=0.6536
[2024-09-05 21:23:36] Epoch=0454 Loss=0.6489
[2024-09-05 21:23:42] Epoch=0455 Loss=0.6474
[2024-09-05 21:23:48] Epoch=0456 Loss=0.6428
[2024-09-05 21:23:54] Epoch=0457 Loss=0.6453
[2024-09-05 21:24:00] Epoch=0458 Loss=0.6431
[2024-09-05 21:24:06] Epoch=0459 Loss=0.6452
[2024-09-05 21:24:12] Epoch=0460 Loss=0.6456
[2024-09-05 21:24:18] Epoch=0461 Loss=0.6445
[2024-09-05 21:24:23] Epoch=0462 Loss=0.6451
[2024-09-05 21:24:29] Epoch=0463 Loss=0.6433
[2024-09-05 21:24:35] Epoch=0464 Loss=0.6437
[2024-09-05 21:24:41] Epoch=0465 Loss=0.6442
[2024-09-05 21:24:47] Epoch=0466 Loss=0.6436
[2024-09-05 21:24:53] Epoch=0467 Loss=0.6452
[2024-09-05 21:24:59] Epoch=0468 Loss=0.6450
[2024-09-05 21:25:04] Epoch=0469 Loss=0.6434
[2024-09-05 21:25:10] Epoch=0470 Loss=0.6445
[2024-09-05 21:25:16] Epoch=0471 Loss=0.6421
[2024-09-05 21:25:22] Epoch=0472 Loss=0.6387
[2024-09-05 21:25:28] Epoch=0473 Loss=0.6394
[2024-09-05 21:25:34] Epoch=0474 Loss=0.6383
[2024-09-05 21:25:40] Epoch=0475 Loss=0.6377
[2024-09-05 21:25:46] Epoch=0476 Loss=0.6332
[2024-09-05 21:25:51] Epoch=0477 Loss=0.6336
[2024-09-05 21:25:57] Epoch=0478 Loss=0.6306
[2024-09-05 21:26:03] Epoch=0479 Loss=0.6327
[2024-09-05 21:26:09] Epoch=0480 Loss=0.6309
[2024-09-05 21:26:15] Epoch=0481 Loss=0.6314
[2024-09-05 21:26:21] Epoch=0482 Loss=0.6341
[2024-09-05 21:26:27] Epoch=0483 Loss=0.6407
[2024-09-05 21:26:33] Epoch=0484 Loss=0.6433
[2024-09-05 21:26:39] Epoch=0485 Loss=0.6384
[2024-09-05 21:26:45] Epoch=0486 Loss=0.6421
[2024-09-05 21:26:50] Epoch=0487 Loss=0.6377
[2024-09-05 21:26:56] Epoch=0488 Loss=0.6397
[2024-09-05 21:27:02] Epoch=0489 Loss=0.6369
[2024-09-05 21:27:08] Epoch=0490 Loss=0.6381
[2024-09-05 21:27:14] Epoch=0491 Loss=0.6388
[2024-09-05 21:27:20] Epoch=0492 Loss=0.6339
[2024-09-05 21:27:26] Epoch=0493 Loss=0.6290
[2024-09-05 21:27:32] Epoch=0494 Loss=0.6341
[2024-09-05 21:27:38] Epoch=0495 Loss=0.6304
[2024-09-05 21:27:43] Epoch=0496 Loss=0.6350
[2024-09-05 21:27:49] Epoch=0497 Loss=0.6396
[2024-09-05 21:27:55] Epoch=0498 Loss=0.6391
[2024-09-05 21:28:01] Epoch=0499 Loss=0.6442
[2024-09-05 21:28:07] Epoch=0500 Loss=0.6372
[2024-09-05 21:28:13] Epoch=0501 Loss=0.6400
[2024-09-05 21:28:19] Epoch=0502 Loss=0.6379
[2024-09-05 21:28:25] Epoch=0503 Loss=0.6418
[2024-09-05 21:28:31] Epoch=0504 Loss=0.6326
[2024-09-05 21:28:37] Epoch=0505 Loss=0.6265
[2024-09-05 21:28:42] Epoch=0506 Loss=0.6241
[2024-09-05 21:28:48] Epoch=0507 Loss=0.6229
[2024-09-05 21:28:54] Epoch=0508 Loss=0.6236
[2024-09-05 21:29:00] Epoch=0509 Loss=0.6218
[2024-09-05 21:29:06] Epoch=0510 Loss=0.6220
[2024-09-05 21:29:12] Epoch=0511 Loss=0.6196
[2024-09-05 21:29:18] Epoch=0512 Loss=0.6266
[2024-09-05 21:29:24] Epoch=0513 Loss=0.6281
[2024-09-05 21:29:29] Epoch=0514 Loss=0.6264
[2024-09-05 21:29:35] Epoch=0515 Loss=0.6250
[2024-09-05 21:29:41] Epoch=0516 Loss=0.6219
[2024-09-05 21:29:47] Epoch=0517 Loss=0.6211
[2024-09-05 21:29:53] Epoch=0518 Loss=0.6217
[2024-09-05 21:29:59] Epoch=0519 Loss=0.6166
[2024-09-05 21:30:05] Epoch=0520 Loss=0.6232
[2024-09-05 21:30:11] Epoch=0521 Loss=0.6188
[2024-09-05 21:30:17] Epoch=0522 Loss=0.6188
[2024-09-05 21:30:23] Epoch=0523 Loss=0.6222
[2024-09-05 21:30:29] Epoch=0524 Loss=0.6148
[2024-09-05 21:30:35] Epoch=0525 Loss=0.6238
[2024-09-05 21:30:40] Epoch=0526 Loss=0.6155
[2024-09-05 21:30:46] Epoch=0527 Loss=0.6186
[2024-09-05 21:30:52] Epoch=0528 Loss=0.6167
[2024-09-05 21:30:58] Epoch=0529 Loss=0.6170
[2024-09-05 21:31:04] Epoch=0530 Loss=0.6204
[2024-09-05 21:31:10] Epoch=0531 Loss=0.6157
[2024-09-05 21:31:16] Epoch=0532 Loss=0.6165
[2024-09-05 21:31:22] Epoch=0533 Loss=0.6159
[2024-09-05 21:31:27] Epoch=0534 Loss=0.6185
[2024-09-05 21:31:33] Epoch=0535 Loss=0.6215
[2024-09-05 21:31:39] Epoch=0536 Loss=0.6237
[2024-09-05 21:31:45] Epoch=0537 Loss=0.6246
[2024-09-05 21:31:51] Epoch=0538 Loss=0.6240
[2024-09-05 21:31:57] Epoch=0539 Loss=0.6248
[2024-09-05 21:32:03] Epoch=0540 Loss=0.6189
[2024-09-05 21:32:09] Epoch=0541 Loss=0.6165
[2024-09-05 21:32:14] Epoch=0542 Loss=0.6180
[2024-09-05 21:32:20] Epoch=0543 Loss=0.6151
[2024-09-05 21:32:26] Epoch=0544 Loss=0.6170
[2024-09-05 21:32:32] Epoch=0545 Loss=0.6151
[2024-09-05 21:32:38] Epoch=0546 Loss=0.6126
[2024-09-05 21:32:44] Epoch=0547 Loss=0.6138
[2024-09-05 21:32:50] Epoch=0548 Loss=0.6148
[2024-09-05 21:32:57] Epoch=0549 Loss=0.6191
[2024-09-05 21:33:03] Epoch=0550 Loss=0.6175
[2024-09-05 21:33:09] Epoch=0551 Loss=0.6174
[2024-09-05 21:33:15] Epoch=0552 Loss=0.6187
[2024-09-05 21:33:20] Epoch=0553 Loss=0.6285
[2024-09-05 21:33:26] Epoch=0554 Loss=0.6338
[2024-09-05 21:33:32] Epoch=0555 Loss=0.6306
[2024-09-05 21:33:38] Epoch=0556 Loss=0.6267
[2024-09-05 21:33:44] Epoch=0557 Loss=0.6183
[2024-09-05 21:33:50] Epoch=0558 Loss=0.6186
[2024-09-05 21:33:56] Epoch=0559 Loss=0.6111
[2024-09-05 21:34:02] Epoch=0560 Loss=0.6118
[2024-09-05 21:34:08] Epoch=0561 Loss=0.6092
[2024-09-05 21:34:14] Epoch=0562 Loss=0.6081
[2024-09-05 21:34:19] Epoch=0563 Loss=0.6071
[2024-09-05 21:34:25] Epoch=0564 Loss=0.6086
[2024-09-05 21:34:31] Epoch=0565 Loss=0.6095
[2024-09-05 21:34:37] Epoch=0566 Loss=0.6105
[2024-09-05 21:34:43] Epoch=0567 Loss=0.6097
[2024-09-05 21:34:49] Epoch=0568 Loss=0.6080
[2024-09-05 21:34:55] Epoch=0569 Loss=0.6160
[2024-09-05 21:35:01] Epoch=0570 Loss=0.6187
[2024-09-05 21:35:06] Epoch=0571 Loss=0.6107
[2024-09-05 21:35:12] Epoch=0572 Loss=0.6102
[2024-09-05 21:35:18] Epoch=0573 Loss=0.6088
[2024-09-05 21:35:24] Epoch=0574 Loss=0.6132
[2024-09-05 21:35:30] Epoch=0575 Loss=0.6132
[2024-09-05 21:35:36] Epoch=0576 Loss=0.6138
[2024-09-05 21:35:42] Epoch=0577 Loss=0.6119
[2024-09-05 21:35:48] Epoch=0578 Loss=0.6160
[2024-09-05 21:35:54] Epoch=0579 Loss=0.6175
[2024-09-05 21:36:00] Epoch=0580 Loss=0.6094
[2024-09-05 21:36:06] Epoch=0581 Loss=0.6059
[2024-09-05 21:36:12] Epoch=0582 Loss=0.6049
[2024-09-05 21:36:18] Epoch=0583 Loss=0.6070
[2024-09-05 21:36:23] Epoch=0584 Loss=0.6044
[2024-09-05 21:36:29] Epoch=0585 Loss=0.6039
[2024-09-05 21:36:35] Epoch=0586 Loss=0.6044
[2024-09-05 21:36:41] Epoch=0587 Loss=0.6052
[2024-09-05 21:36:47] Epoch=0588 Loss=0.6008
[2024-09-05 21:36:53] Epoch=0589 Loss=0.6064
[2024-09-05 21:36:59] Epoch=0590 Loss=0.6012
[2024-09-05 21:37:04] Epoch=0591 Loss=0.6025
[2024-09-05 21:37:10] Epoch=0592 Loss=0.6000
[2024-09-05 21:37:16] Epoch=0593 Loss=0.6050
[2024-09-05 21:37:22] Epoch=0594 Loss=0.6033
[2024-09-05 21:37:28] Epoch=0595 Loss=0.6058
[2024-09-05 21:37:34] Epoch=0596 Loss=0.6099
[2024-09-05 21:37:40] Epoch=0597 Loss=0.6133
[2024-09-05 21:37:45] Epoch=0598 Loss=0.6102
[2024-09-05 21:37:51] Epoch=0599 Loss=0.6114
[2024-09-05 21:37:57] Epoch=0600 Loss=0.6126
[2024-09-05 21:38:03] Epoch=0601 Loss=0.6082
[2024-09-05 21:38:09] Epoch=0602 Loss=0.6100
[2024-09-05 21:38:15] Epoch=0603 Loss=0.6063
[2024-09-05 21:38:21] Epoch=0604 Loss=0.6090
[2024-09-05 21:38:27] Epoch=0605 Loss=0.6058
[2024-09-05 21:38:33] Epoch=0606 Loss=0.6097
[2024-09-05 21:38:39] Epoch=0607 Loss=0.6096
[2024-09-05 21:38:45] Epoch=0608 Loss=0.6076
[2024-09-05 21:38:50] Epoch=0609 Loss=0.6060
[2024-09-05 21:38:56] Epoch=0610 Loss=0.6073
[2024-09-05 21:39:02] Epoch=0611 Loss=0.6054
[2024-09-05 21:39:08] Epoch=0612 Loss=0.6012
[2024-09-05 21:39:14] Epoch=0613 Loss=0.6028
[2024-09-05 21:39:20] Epoch=0614 Loss=0.6014
[2024-09-05 21:39:26] Epoch=0615 Loss=0.5957
[2024-09-05 21:39:32] Epoch=0616 Loss=0.5985
[2024-09-05 21:39:38] Epoch=0617 Loss=0.6012
[2024-09-05 21:39:43] Epoch=0618 Loss=0.6018
[2024-09-05 21:39:49] Epoch=0619 Loss=0.6084
[2024-09-05 21:39:55] Epoch=0620 Loss=0.6038
[2024-09-05 21:40:01] Epoch=0621 Loss=0.6002
[2024-09-05 21:40:07] Epoch=0622 Loss=0.6006
[2024-09-05 21:40:13] Epoch=0623 Loss=0.6023
[2024-09-05 21:40:19] Epoch=0624 Loss=0.5971
[2024-09-05 21:40:25] Epoch=0625 Loss=0.5987
[2024-09-05 21:40:30] Epoch=0626 Loss=0.5988
[2024-09-05 21:40:36] Epoch=0627 Loss=0.5991
[2024-09-05 21:40:42] Epoch=0628 Loss=0.5978
[2024-09-05 21:40:48] Epoch=0629 Loss=0.5982
[2024-09-05 21:40:54] Epoch=0630 Loss=0.6001
[2024-09-05 21:41:00] Epoch=0631 Loss=0.5983
[2024-09-05 21:41:06] Epoch=0632 Loss=0.6032
[2024-09-05 21:41:12] Epoch=0633 Loss=0.6043
[2024-09-05 21:41:17] Epoch=0634 Loss=0.6060
[2024-09-05 21:41:23] Epoch=0635 Loss=0.6038
[2024-09-05 21:41:29] Epoch=0636 Loss=0.6062
[2024-09-05 21:41:35] Epoch=0637 Loss=0.6071
[2024-09-05 21:41:41] Epoch=0638 Loss=0.6005
[2024-09-05 21:41:47] Epoch=0639 Loss=0.5991
[2024-09-05 21:41:53] Epoch=0640 Loss=0.5964
[2024-09-05 21:41:59] Epoch=0641 Loss=0.5953
[2024-09-05 21:42:04] Epoch=0642 Loss=0.6031
[2024-09-05 21:42:10] Epoch=0643 Loss=0.6066
[2024-09-05 21:42:16] Epoch=0644 Loss=0.6087
[2024-09-05 21:42:22] Epoch=0645 Loss=0.6148
[2024-09-05 21:42:28] Epoch=0646 Loss=0.6078
[2024-09-05 21:42:34] Epoch=0647 Loss=0.6028
[2024-09-05 21:42:40] Epoch=0648 Loss=0.6029
[2024-09-05 21:42:46] Epoch=0649 Loss=0.5999
[2024-09-05 21:42:52] Epoch=0650 Loss=0.5992
[2024-09-05 21:42:58] Epoch=0651 Loss=0.5965
[2024-09-05 21:43:03] Epoch=0652 Loss=0.5963
[2024-09-05 21:43:09] Epoch=0653 Loss=0.5967
[2024-09-05 21:43:15] Epoch=0654 Loss=0.5936
[2024-09-05 21:43:21] Epoch=0655 Loss=0.5907
[2024-09-05 21:43:27] Epoch=0656 Loss=0.5946
[2024-09-05 21:43:33] Epoch=0657 Loss=0.5953
[2024-09-05 21:43:39] Epoch=0658 Loss=0.5958
[2024-09-05 21:43:44] Epoch=0659 Loss=0.5945
[2024-09-05 21:43:50] Epoch=0660 Loss=0.5943
[2024-09-05 21:43:56] Epoch=0661 Loss=0.5949
[2024-09-05 21:44:02] Epoch=0662 Loss=0.5952
[2024-09-05 21:44:08] Epoch=0663 Loss=0.5941
[2024-09-05 21:44:14] Epoch=0664 Loss=0.5941
[2024-09-05 21:44:20] Epoch=0665 Loss=0.6007
[2024-09-05 21:44:26] Epoch=0666 Loss=0.6025
[2024-09-05 21:44:32] Epoch=0667 Loss=0.5993
[2024-09-05 21:44:38] Epoch=0668 Loss=0.6009
[2024-09-05 21:44:44] Epoch=0669 Loss=0.5956
[2024-09-05 21:44:50] Epoch=0670 Loss=0.5945
[2024-09-05 21:44:56] Epoch=0671 Loss=0.5983
[2024-09-05 21:45:02] Epoch=0672 Loss=0.5952
[2024-09-05 21:45:08] Epoch=0673 Loss=0.5926
[2024-09-05 21:45:14] Epoch=0674 Loss=0.5973
[2024-09-05 21:45:19] Epoch=0675 Loss=0.5972
[2024-09-05 21:45:25] Epoch=0676 Loss=0.6007
[2024-09-05 21:45:31] Epoch=0677 Loss=0.5997
[2024-09-05 21:45:37] Epoch=0678 Loss=0.6002
[2024-09-05 21:45:43] Epoch=0679 Loss=0.6046
[2024-09-05 21:45:49] Epoch=0680 Loss=0.6000
[2024-09-05 21:45:55] Epoch=0681 Loss=0.5952
[2024-09-05 21:46:01] Epoch=0682 Loss=0.5982
[2024-09-05 21:46:07] Epoch=0683 Loss=0.6014
[2024-09-05 21:46:13] Epoch=0684 Loss=0.6004
[2024-09-05 21:46:19] Epoch=0685 Loss=0.6040
[2024-09-05 21:46:25] Epoch=0686 Loss=0.6002
[2024-09-05 21:46:30] Epoch=0687 Loss=0.6000
[2024-09-05 21:46:36] Epoch=0688 Loss=0.5972
[2024-09-05 21:46:42] Epoch=0689 Loss=0.5905
[2024-09-05 21:46:48] Epoch=0690 Loss=0.5934
[2024-09-05 21:46:54] Epoch=0691 Loss=0.5923
[2024-09-05 21:47:00] Epoch=0692 Loss=0.5936
[2024-09-05 21:47:06] Epoch=0693 Loss=0.5945
[2024-09-05 21:47:12] Epoch=0694 Loss=0.5927
[2024-09-05 21:47:18] Epoch=0695 Loss=0.5945
[2024-09-05 21:47:23] Epoch=0696 Loss=0.5923
[2024-09-05 21:47:29] Epoch=0697 Loss=0.5933
[2024-09-05 21:47:35] Epoch=0698 Loss=0.5936
[2024-09-05 21:47:41] Epoch=0699 Loss=0.5927
[2024-09-05 21:47:47] Epoch=0700 Loss=0.5926
[2024-09-05 21:47:53] Epoch=0701 Loss=0.5939
[2024-09-05 21:47:59] Epoch=0702 Loss=0.5946
[2024-09-05 21:48:05] Epoch=0703 Loss=0.5949
[2024-09-05 21:48:11] Epoch=0704 Loss=0.5957
[2024-09-05 21:48:16] Epoch=0705 Loss=0.5940
[2024-09-05 21:48:22] Epoch=0706 Loss=0.5945
[2024-09-05 21:48:28] Epoch=0707 Loss=0.5940
[2024-09-05 21:48:34] Epoch=0708 Loss=0.6017
[2024-09-05 21:48:40] Epoch=0709 Loss=0.5993
[2024-09-05 21:48:46] Epoch=0710 Loss=0.6021
[2024-09-05 21:48:52] Epoch=0711 Loss=0.6005
[2024-09-05 21:48:58] Epoch=0712 Loss=0.5994
[2024-09-05 21:49:04] Epoch=0713 Loss=0.5984
[2024-09-05 21:49:10] Epoch=0714 Loss=0.5945
[2024-09-05 21:49:16] Epoch=0715 Loss=0.5911
[2024-09-05 21:49:21] Epoch=0716 Loss=0.5922
[2024-09-05 21:49:27] Epoch=0717 Loss=0.5920
[2024-09-05 21:49:33] Epoch=0718 Loss=0.5892
[2024-09-05 21:49:39] Epoch=0719 Loss=0.5911
[2024-09-05 21:49:45] Epoch=0720 Loss=0.5884
[2024-09-05 21:49:51] Epoch=0721 Loss=0.5921
[2024-09-05 21:49:57] Epoch=0722 Loss=0.5934
[2024-09-05 21:50:03] Epoch=0723 Loss=0.5934
[2024-09-05 21:50:08] Epoch=0724 Loss=0.5927
[2024-09-05 21:50:14] Epoch=0725 Loss=0.5922
[2024-09-05 21:50:20] Epoch=0726 Loss=0.5881
[2024-09-05 21:50:26] Epoch=0727 Loss=0.5912
[2024-09-05 21:50:32] Epoch=0728 Loss=0.5912
[2024-09-05 21:50:38] Epoch=0729 Loss=0.5904
[2024-09-05 21:50:44] Epoch=0730 Loss=0.5925
[2024-09-05 21:50:50] Epoch=0731 Loss=0.5923
[2024-09-05 21:50:56] Epoch=0732 Loss=0.5886
[2024-09-05 21:51:02] Epoch=0733 Loss=0.5940
[2024-09-05 21:51:08] Epoch=0734 Loss=0.5948
[2024-09-05 21:51:14] Epoch=0735 Loss=0.5958
[2024-09-05 21:51:20] Epoch=0736 Loss=0.5986
[2024-09-05 21:51:26] Epoch=0737 Loss=0.5937
[2024-09-05 21:51:32] Epoch=0738 Loss=0.5949
[2024-09-05 21:51:37] Epoch=0739 Loss=0.5920
[2024-09-05 21:51:43] Epoch=0740 Loss=0.5929
[2024-09-05 21:51:49] Epoch=0741 Loss=0.5896
[2024-09-05 21:51:55] Epoch=0742 Loss=0.5896
[2024-09-05 21:52:01] Epoch=0743 Loss=0.5861
[2024-09-05 21:52:07] Epoch=0744 Loss=0.5903
[2024-09-05 21:52:13] Epoch=0745 Loss=0.5873
[2024-09-05 21:52:19] Epoch=0746 Loss=0.5889
[2024-09-05 21:52:25] Epoch=0747 Loss=0.5902
[2024-09-05 21:52:31] Epoch=0748 Loss=0.5927
[2024-09-05 21:52:37] Epoch=0749 Loss=0.5897
[2024-09-05 21:52:43] Epoch=0750 Loss=0.5903
[2024-09-05 21:52:49] Epoch=0751 Loss=0.5916
[2024-09-05 21:52:55] Epoch=0752 Loss=0.5921
[2024-09-05 21:53:01] Epoch=0753 Loss=0.5922
[2024-09-05 21:53:07] Epoch=0754 Loss=0.5931
[2024-09-05 21:53:13] Epoch=0755 Loss=0.5876
[2024-09-05 21:53:19] Epoch=0756 Loss=0.5913
[2024-09-05 21:53:24] Epoch=0757 Loss=0.5889
[2024-09-05 21:53:30] Epoch=0758 Loss=0.5897
[2024-09-05 21:53:36] Epoch=0759 Loss=0.5887
[2024-09-05 21:53:42] Epoch=0760 Loss=0.5868
[2024-09-05 21:53:48] Epoch=0761 Loss=0.5880
[2024-09-05 21:53:54] Epoch=0762 Loss=0.5848
[2024-09-05 21:54:00] Epoch=0763 Loss=0.5923
[2024-09-05 21:54:06] Epoch=0764 Loss=0.5911
[2024-09-05 21:54:12] Epoch=0765 Loss=0.5902
[2024-09-05 21:54:18] Epoch=0766 Loss=0.5910
[2024-09-05 21:54:24] Epoch=0767 Loss=0.5930
[2024-09-05 21:54:30] Epoch=0768 Loss=0.5935
[2024-09-05 21:54:36] Epoch=0769 Loss=0.5947
[2024-09-05 21:54:41] Epoch=0770 Loss=0.5958
[2024-09-05 21:54:47] Epoch=0771 Loss=0.5952
[2024-09-05 21:54:53] Epoch=0772 Loss=0.5931
[2024-09-05 21:54:59] Epoch=0773 Loss=0.5901
[2024-09-05 21:55:05] Epoch=0774 Loss=0.5912
[2024-09-05 21:55:11] Epoch=0775 Loss=0.5872
[2024-09-05 21:55:17] Epoch=0776 Loss=0.5915
[2024-09-05 21:55:23] Epoch=0777 Loss=0.5901
[2024-09-05 21:55:29] Epoch=0778 Loss=0.5901
[2024-09-05 21:55:34] Epoch=0779 Loss=0.5886
[2024-09-05 21:55:40] Epoch=0780 Loss=0.5911
[2024-09-05 21:55:46] Epoch=0781 Loss=0.5882
[2024-09-05 21:55:52] Epoch=0782 Loss=0.5868
[2024-09-05 21:55:58] Epoch=0783 Loss=0.5892
[2024-09-05 21:56:04] Epoch=0784 Loss=0.5908
[2024-09-05 21:56:10] Epoch=0785 Loss=0.5872
[2024-09-05 21:56:16] Epoch=0786 Loss=0.5895
[2024-09-05 21:56:22] Epoch=0787 Loss=0.5862
[2024-09-05 21:56:28] Epoch=0788 Loss=0.5861
[2024-09-05 21:56:34] Epoch=0789 Loss=0.5898
[2024-09-05 21:56:40] Epoch=0790 Loss=0.5863
[2024-09-05 21:56:46] Epoch=0791 Loss=0.5877
[2024-09-05 21:56:52] Epoch=0792 Loss=0.5928
[2024-09-05 21:56:58] Epoch=0793 Loss=0.5965
[2024-09-05 21:57:03] Epoch=0794 Loss=0.5924
[2024-09-05 21:57:09] Epoch=0795 Loss=0.5892
[2024-09-05 21:57:15] Epoch=0796 Loss=0.5951
[2024-09-05 21:57:21] Epoch=0797 Loss=0.5940
[2024-09-05 21:57:27] Epoch=0798 Loss=0.5899
[2024-09-05 21:57:33] Epoch=0799 Loss=0.5907
[2024-09-05 21:57:39] Epoch=0800 Loss=0.5884
[2024-09-05 21:57:45] Epoch=0801 Loss=0.5909
[2024-09-05 21:57:51] Epoch=0802 Loss=0.5926
[2024-09-05 21:57:57] Epoch=0803 Loss=0.5879
[2024-09-05 21:58:03] Epoch=0804 Loss=0.5913
[2024-09-05 21:58:09] Epoch=0805 Loss=0.5881
[2024-09-05 21:58:14] Epoch=0806 Loss=0.5894
[2024-09-05 21:58:20] Epoch=0807 Loss=0.5895
[2024-09-05 21:58:26] Epoch=0808 Loss=0.5896
[2024-09-05 21:58:32] Epoch=0809 Loss=0.5890
[2024-09-05 21:58:38] Epoch=0810 Loss=0.5881
[2024-09-05 21:58:44] Epoch=0811 Loss=0.5842
[2024-09-05 21:58:50] Epoch=0812 Loss=0.5853
[2024-09-05 21:58:56] Epoch=0813 Loss=0.5850
[2024-09-05 21:59:02] Epoch=0814 Loss=0.5870
[2024-09-05 21:59:08] Epoch=0815 Loss=0.5839
[2024-09-05 21:59:14] Epoch=0816 Loss=0.5845
[2024-09-05 21:59:19] Epoch=0817 Loss=0.5859
[2024-09-05 21:59:25] Epoch=0818 Loss=0.5852
[2024-09-05 21:59:31] Epoch=0819 Loss=0.5881
[2024-09-05 21:59:37] Epoch=0820 Loss=0.5925
[2024-09-05 21:59:43] Epoch=0821 Loss=0.5937
[2024-09-05 21:59:49] Epoch=0822 Loss=0.5880
[2024-09-05 21:59:55] Epoch=0823 Loss=0.5889
[2024-09-05 22:00:01] Epoch=0824 Loss=0.5920
[2024-09-05 22:00:07] Epoch=0825 Loss=0.5911
[2024-09-05 22:00:13] Epoch=0826 Loss=0.5857
[2024-09-05 22:00:19] Epoch=0827 Loss=0.5871
[2024-09-05 22:00:25] Epoch=0828 Loss=0.5848
[2024-09-05 22:00:30] Epoch=0829 Loss=0.5874
[2024-09-05 22:00:36] Epoch=0830 Loss=0.5872
[2024-09-05 22:00:42] Epoch=0831 Loss=0.5908
[2024-09-05 22:00:48] Epoch=0832 Loss=0.5869
[2024-09-05 22:00:54] Epoch=0833 Loss=0.5853
[2024-09-05 22:01:00] Epoch=0834 Loss=0.5842
[2024-09-05 22:01:06] Epoch=0835 Loss=0.5856
[2024-09-05 22:01:12] Epoch=0836 Loss=0.5876
[2024-09-05 22:01:18] Epoch=0837 Loss=0.5860
[2024-09-05 22:01:24] Epoch=0838 Loss=0.5860
[2024-09-05 22:01:29] Epoch=0839 Loss=0.5866
[2024-09-05 22:01:35] Epoch=0840 Loss=0.5853
[2024-09-05 22:01:41] Epoch=0841 Loss=0.5901
[2024-09-05 22:01:47] Epoch=0842 Loss=0.5950
[2024-09-05 22:01:53] Epoch=0843 Loss=0.5879
[2024-09-05 22:01:59] Epoch=0844 Loss=0.5891
[2024-09-05 22:02:05] Epoch=0845 Loss=0.5845
[2024-09-05 22:02:11] Epoch=0846 Loss=0.5877
[2024-09-05 22:02:17] Epoch=0847 Loss=0.5885
[2024-09-05 22:02:23] Epoch=0848 Loss=0.5863
[2024-09-05 22:02:29] Epoch=0849 Loss=0.5827
[2024-09-05 22:02:35] Epoch=0850 Loss=0.5833
[2024-09-05 22:02:41] Epoch=0851 Loss=0.5862
[2024-09-05 22:02:47] Epoch=0852 Loss=0.5843
[2024-09-05 22:02:53] Epoch=0853 Loss=0.5874
[2024-09-05 22:02:59] Epoch=0854 Loss=0.5881
[2024-09-05 22:03:04] Epoch=0855 Loss=0.5894
[2024-09-05 22:03:10] Epoch=0856 Loss=0.5912
[2024-09-05 22:03:16] Epoch=0857 Loss=0.5898
[2024-09-05 22:03:22] Epoch=0858 Loss=0.5885
[2024-09-05 22:03:28] Epoch=0859 Loss=0.5890
[2024-09-05 22:03:34] Epoch=0860 Loss=0.5863
[2024-09-05 22:03:40] Epoch=0861 Loss=0.5905
[2024-09-05 22:03:46] Epoch=0862 Loss=0.5843
[2024-09-05 22:03:52] Epoch=0863 Loss=0.5847
[2024-09-05 22:03:58] Epoch=0864 Loss=0.5841
[2024-09-05 22:04:04] Epoch=0865 Loss=0.5822
[2024-09-05 22:04:09] Epoch=0866 Loss=0.5847
[2024-09-05 22:04:15] Epoch=0867 Loss=0.5864
[2024-09-05 22:04:21] Epoch=0868 Loss=0.5856
[2024-09-05 22:04:27] Epoch=0869 Loss=0.5845
[2024-09-05 22:04:33] Epoch=0870 Loss=0.5856
[2024-09-05 22:04:39] Epoch=0871 Loss=0.5841
[2024-09-05 22:04:45] Epoch=0872 Loss=0.5870
[2024-09-05 22:04:51] Epoch=0873 Loss=0.5881
[2024-09-05 22:04:57] Epoch=0874 Loss=0.5882
[2024-09-05 22:05:03] Epoch=0875 Loss=0.5905
[2024-09-05 22:05:09] Epoch=0876 Loss=0.5894
[2024-09-05 22:05:14] Epoch=0877 Loss=0.5866
[2024-09-05 22:05:20] Epoch=0878 Loss=0.5879
[2024-09-05 22:05:26] Epoch=0879 Loss=0.5884
[2024-09-05 22:05:32] Epoch=0880 Loss=0.5836
[2024-09-05 22:05:38] Epoch=0881 Loss=0.5838
[2024-09-05 22:05:44] Epoch=0882 Loss=0.5859
[2024-09-05 22:05:50] Epoch=0883 Loss=0.5835
[2024-09-05 22:05:56] Epoch=0884 Loss=0.5839
[2024-09-05 22:06:02] Epoch=0885 Loss=0.5862
[2024-09-05 22:06:08] Epoch=0886 Loss=0.5861
[2024-09-05 22:06:14] Epoch=0887 Loss=0.5852
[2024-09-05 22:06:20] Epoch=0888 Loss=0.5836
[2024-09-05 22:06:26] Epoch=0889 Loss=0.5831
[2024-09-05 22:06:31] Epoch=0890 Loss=0.5874
[2024-09-05 22:06:37] Epoch=0891 Loss=0.5822
[2024-09-05 22:06:43] Epoch=0892 Loss=0.5836
[2024-09-05 22:06:49] Epoch=0893 Loss=0.5832
[2024-09-05 22:06:55] Epoch=0894 Loss=0.5851
[2024-09-05 22:07:01] Epoch=0895 Loss=0.5856
[2024-09-05 22:07:07] Epoch=0896 Loss=0.5876
[2024-09-05 22:07:13] Epoch=0897 Loss=0.5883
[2024-09-05 22:07:18] Epoch=0898 Loss=0.5876
[2024-09-05 22:07:24] Epoch=0899 Loss=0.5870
[2024-09-05 22:07:30] Epoch=0900 Loss=0.5864
[2024-09-05 22:07:36] Epoch=0901 Loss=0.5882
[2024-09-05 22:07:42] Epoch=0902 Loss=0.5878
[2024-09-05 22:07:48] Epoch=0903 Loss=0.5841
[2024-09-05 22:07:53] Epoch=0904 Loss=0.5825
[2024-09-05 22:07:59] Epoch=0905 Loss=0.5830
[2024-09-05 22:08:05] Epoch=0906 Loss=0.5837
[2024-09-05 22:08:11] Epoch=0907 Loss=0.5841
[2024-09-05 22:08:17] Epoch=0908 Loss=0.5857
[2024-09-05 22:08:23] Epoch=0909 Loss=0.5834
[2024-09-05 22:08:29] Epoch=0910 Loss=0.5870
[2024-09-05 22:08:35] Epoch=0911 Loss=0.5822
[2024-09-05 22:08:41] Epoch=0912 Loss=0.5809
[2024-09-05 22:08:47] Epoch=0913 Loss=0.5833
[2024-09-05 22:08:53] Epoch=0914 Loss=0.5909
[2024-09-05 22:08:59] Epoch=0915 Loss=0.5850
[2024-09-05 22:09:04] Epoch=0916 Loss=0.5826
[2024-09-05 22:09:11] Epoch=0917 Loss=0.5863
[2024-09-05 22:09:16] Epoch=0918 Loss=0.5858
[2024-09-05 22:09:22] Epoch=0919 Loss=0.5832
[2024-09-05 22:09:28] Epoch=0920 Loss=0.5824
[2024-09-05 22:09:34] Epoch=0921 Loss=0.5885
[2024-09-05 22:09:40] Epoch=0922 Loss=0.5886
[2024-09-05 22:09:46] Epoch=0923 Loss=0.5864
[2024-09-05 22:09:52] Epoch=0924 Loss=0.5816
[2024-09-05 22:09:58] Epoch=0925 Loss=0.5850
[2024-09-05 22:10:04] Epoch=0926 Loss=0.5815
[2024-09-05 22:10:10] Epoch=0927 Loss=0.5829
[2024-09-05 22:10:16] Epoch=0928 Loss=0.5796
[2024-09-05 22:10:21] Epoch=0929 Loss=0.5843
[2024-09-05 22:10:27] Epoch=0930 Loss=0.5838
[2024-09-05 22:10:33] Epoch=0931 Loss=0.5861
[2024-09-05 22:10:39] Epoch=0932 Loss=0.5817
[2024-09-05 22:10:45] Epoch=0933 Loss=0.5873
[2024-09-05 22:10:51] Epoch=0934 Loss=0.5830
[2024-09-05 22:10:57] Epoch=0935 Loss=0.5819
[2024-09-05 22:11:03] Epoch=0936 Loss=0.5889
[2024-09-05 22:11:09] Epoch=0937 Loss=0.5894
[2024-09-05 22:11:14] Epoch=0938 Loss=0.5860
[2024-09-05 22:11:20] Epoch=0939 Loss=0.5844
[2024-09-05 22:11:26] Epoch=0940 Loss=0.5841
[2024-09-05 22:11:32] Epoch=0941 Loss=0.5810
[2024-09-05 22:11:38] Epoch=0942 Loss=0.5846
[2024-09-05 22:11:44] Epoch=0943 Loss=0.5813
[2024-09-05 22:11:50] Epoch=0944 Loss=0.5796
[2024-09-05 22:11:56] Epoch=0945 Loss=0.5811
[2024-09-05 22:12:02] Epoch=0946 Loss=0.5828
[2024-09-05 22:12:08] Epoch=0947 Loss=0.5795
[2024-09-05 22:12:13] Epoch=0948 Loss=0.5824
[2024-09-05 22:12:19] Epoch=0949 Loss=0.5822
[2024-09-05 22:12:25] Epoch=0950 Loss=0.5847
[2024-09-05 22:12:31] Epoch=0951 Loss=0.5811
[2024-09-05 22:12:37] Epoch=0952 Loss=0.5847
[2024-09-05 22:12:43] Epoch=0953 Loss=0.5830
[2024-09-05 22:12:49] Epoch=0954 Loss=0.5831
[2024-09-05 22:12:55] Epoch=0955 Loss=0.5909
[2024-09-05 22:13:00] Epoch=0956 Loss=0.5933
[2024-09-05 22:13:06] Epoch=0957 Loss=0.5967
[2024-09-05 22:13:12] Epoch=0958 Loss=0.5922
[2024-09-05 22:13:18] Epoch=0959 Loss=0.5826
[2024-09-05 22:13:24] Epoch=0960 Loss=0.5810
[2024-09-05 22:13:30] Epoch=0961 Loss=0.5847
[2024-09-05 22:13:36] Epoch=0962 Loss=0.5816
[2024-09-05 22:13:41] Epoch=0963 Loss=0.5816
[2024-09-05 22:13:47] Epoch=0964 Loss=0.5812
[2024-09-05 22:13:53] Epoch=0965 Loss=0.5814
[2024-09-05 22:13:59] Epoch=0966 Loss=0.5784
[2024-09-05 22:14:05] Epoch=0967 Loss=0.5786
[2024-09-05 22:14:11] Epoch=0968 Loss=0.5852
[2024-09-05 22:14:17] Epoch=0969 Loss=0.5845
[2024-09-05 22:14:23] Epoch=0970 Loss=0.5792
[2024-09-05 22:14:29] Epoch=0971 Loss=0.5831
[2024-09-05 22:14:35] Epoch=0972 Loss=0.5794
[2024-09-05 22:14:40] Epoch=0973 Loss=0.5816
[2024-09-05 22:14:46] Epoch=0974 Loss=0.5830
[2024-09-05 22:14:52] Epoch=0975 Loss=0.5835
[2024-09-05 22:14:58] Epoch=0976 Loss=0.5816
[2024-09-05 22:15:04] Epoch=0977 Loss=0.5859
[2024-09-05 22:15:10] Epoch=0978 Loss=0.5870
[2024-09-05 22:15:16] Epoch=0979 Loss=0.5844
[2024-09-05 22:15:22] Epoch=0980 Loss=0.5867
[2024-09-05 22:15:28] Epoch=0981 Loss=0.5869
[2024-09-05 22:15:34] Epoch=0982 Loss=0.5826
[2024-09-05 22:15:40] Epoch=0983 Loss=0.5858
[2024-09-05 22:15:45] Epoch=0984 Loss=0.5838
[2024-09-05 22:15:51] Epoch=0985 Loss=0.5847
[2024-09-05 22:15:57] Epoch=0986 Loss=0.5811
[2024-09-05 22:16:03] Epoch=0987 Loss=0.5832
[2024-09-05 22:16:09] Epoch=0988 Loss=0.5844
[2024-09-05 22:16:15] Epoch=0989 Loss=0.5860
[2024-09-05 22:16:21] Epoch=0990 Loss=0.5821
[2024-09-05 22:16:27] Epoch=0991 Loss=0.5840
[2024-09-05 22:16:33] Epoch=0992 Loss=0.5823
[2024-09-05 22:16:39] Epoch=0993 Loss=0.5800
[2024-09-05 22:16:44] Epoch=0994 Loss=0.5840
[2024-09-05 22:16:50] Epoch=0995 Loss=0.5816
[2024-09-05 22:16:56] Epoch=0996 Loss=0.5815
[2024-09-05 22:17:02] Epoch=0997 Loss=0.5836
[2024-09-05 22:17:08] Epoch=0998 Loss=0.5820
[2024-09-05 22:17:14] Epoch=0999 Loss=0.5802
[2024-09-05 22:17:20] Epoch=1000 Loss=0.5856
[2024-09-05 22:17:20] Training completed.
[2024-09-05 22:17:20] Min train loss: 0.5784 | Epoch: 0965
[2024-09-05 22:17:20] Save to D:\LSL\MyFILES\PRO\NEW_OnePPI(drug)_sim\cell\data\Dcy_GAT_OnePPI_concat+emb_(ge_sim)_0.2_mdl_ge_64x384_2409052038
[2024-09-05 22:17:20] Save train loss curve to D:\LSL\MyFILES\PRO\NEW_OnePPI(drug)_sim\cell\data\Dcy_GAT_OnePPI_concat+emb_(ge_sim)_0.2_mdl_ge_64x384_2409052038\loss.pkl
[2024-09-05 22:17:20] Save D:\LSL\MyFILES\PRO\NEW_OnePPI(drug)_sim\cell\data\Dcy_GAT_OnePPI_concat+emb_(ge_sim)_0.2_mdl_ge_64x384_2409052038\embeddings384.npy
[2024-09-05 22:17:20] Save D:\LSL\MyFILES\PRO\NEW_OnePPI(drug)_sim\cell\data\Dcy_GAT_OnePPI_concat+emb_(ge_sim)_0.2_mdl_ge_64x384_2409052038\best_attention.npy
