[2024-09-05 22:28:58] Check model.
[2024-09-05 22:28:58] Cell2Vec(
  (encoder): GATEncoder(
    (loss_type): PReLU(num_parameters=1)
    (conv): GATConv([972, 972], 64, heads=2)
    (bn): LayerNorm((128,), eps=1e-05, elementwise_affine=True)
    (prelu): PReLU(num_parameters=128)
  )
  (embeddings): Embedding(39, 384)
  (projector): Sequential(
    (0): Linear(in_features=128, out_features=384, bias=True)
    (1): Dropout(p=0.5, inplace=False)
  )
  (edge_position_embedding): Embedding(11, 32)
  (edge_angle_embedding): Embedding(11, 32)
)
[2024-09-05 22:28:58] Start training.
[2024-09-05 22:29:06] Epoch=0001 Loss=98.5302
[2024-09-05 22:29:12] Epoch=0002 Loss=134.1513
[2024-09-05 22:29:19] Epoch=0003 Loss=86.3070
[2024-09-05 22:29:25] Epoch=0004 Loss=48.6392
[2024-09-05 22:29:32] Epoch=0005 Loss=36.4576
[2024-09-05 22:29:39] Epoch=0006 Loss=30.1554
[2024-09-05 22:29:45] Epoch=0007 Loss=26.1852
[2024-09-05 22:29:52] Epoch=0008 Loss=22.9051
[2024-09-05 22:29:59] Epoch=0009 Loss=20.1262
[2024-09-05 22:30:05] Epoch=0010 Loss=18.0245
[2024-09-05 22:30:12] Epoch=0011 Loss=16.4827
[2024-09-05 22:30:18] Epoch=0012 Loss=14.8971
[2024-09-05 22:30:25] Epoch=0013 Loss=14.5255
[2024-09-05 22:30:31] Epoch=0014 Loss=14.5059
[2024-09-05 22:30:38] Epoch=0015 Loss=16.0758
[2024-09-05 22:30:45] Epoch=0016 Loss=17.6873
[2024-09-05 22:30:51] Epoch=0017 Loss=17.8208
[2024-09-05 22:30:58] Epoch=0018 Loss=14.1879
[2024-09-05 22:31:04] Epoch=0019 Loss=10.7645
[2024-09-05 22:31:11] Epoch=0020 Loss=8.2315
[2024-09-05 22:31:18] Epoch=0021 Loss=7.1333
[2024-09-05 22:31:24] Epoch=0022 Loss=5.9800
[2024-09-05 22:31:31] Epoch=0023 Loss=5.4967
[2024-09-05 22:31:38] Epoch=0024 Loss=4.9726
[2024-09-05 22:31:44] Epoch=0025 Loss=4.6283
[2024-09-05 22:31:51] Epoch=0026 Loss=4.3053
[2024-09-05 22:31:58] Epoch=0027 Loss=4.0314
[2024-09-05 22:32:04] Epoch=0028 Loss=3.7516
[2024-09-05 22:32:11] Epoch=0029 Loss=3.5545
[2024-09-05 22:32:18] Epoch=0030 Loss=3.3523
[2024-09-05 22:32:24] Epoch=0031 Loss=3.1445
[2024-09-05 22:32:31] Epoch=0032 Loss=2.9805
[2024-09-05 22:32:37] Epoch=0033 Loss=2.8065
[2024-09-05 22:32:44] Epoch=0034 Loss=2.6594
[2024-09-05 22:32:50] Epoch=0035 Loss=2.5414
[2024-09-05 22:32:57] Epoch=0036 Loss=2.4051
[2024-09-05 22:33:04] Epoch=0037 Loss=2.3152
[2024-09-05 22:33:10] Epoch=0038 Loss=2.2078
[2024-09-05 22:33:16] Epoch=0039 Loss=2.1476
[2024-09-05 22:33:23] Epoch=0040 Loss=2.1403
[2024-09-05 22:33:29] Epoch=0041 Loss=2.1574
[2024-09-05 22:33:36] Epoch=0042 Loss=2.1955
[2024-09-05 22:33:43] Epoch=0043 Loss=2.3682
[2024-09-05 22:33:50] Epoch=0044 Loss=2.5433
[2024-09-05 22:33:56] Epoch=0045 Loss=2.4624
[2024-09-05 22:34:03] Epoch=0046 Loss=2.4741
[2024-09-05 22:34:09] Epoch=0047 Loss=2.3932
[2024-09-05 22:34:16] Epoch=0048 Loss=2.1211
[2024-09-05 22:34:23] Epoch=0049 Loss=1.7787
[2024-09-05 22:34:29] Epoch=0050 Loss=1.6153
[2024-09-05 22:34:36] Epoch=0051 Loss=1.5133
[2024-09-05 22:34:42] Epoch=0052 Loss=1.4448
[2024-09-05 22:34:49] Epoch=0053 Loss=1.3701
[2024-09-05 22:34:55] Epoch=0054 Loss=1.3029
[2024-09-05 22:35:02] Epoch=0055 Loss=1.1781
[2024-09-05 22:35:09] Epoch=0056 Loss=1.0596
[2024-09-05 22:35:15] Epoch=0057 Loss=1.0002
[2024-09-05 22:35:22] Epoch=0058 Loss=0.9342
[2024-09-05 22:35:29] Epoch=0059 Loss=0.8805
[2024-09-05 22:35:35] Epoch=0060 Loss=0.8515
[2024-09-05 22:35:42] Epoch=0061 Loss=0.7978
[2024-09-05 22:35:48] Epoch=0062 Loss=0.7639
[2024-09-05 22:35:55] Epoch=0063 Loss=0.7357
[2024-09-05 22:36:01] Epoch=0064 Loss=0.7164
[2024-09-05 22:36:08] Epoch=0065 Loss=0.6953
[2024-09-05 22:36:14] Epoch=0066 Loss=0.6681
[2024-09-05 22:36:21] Epoch=0067 Loss=0.6518
[2024-09-05 22:36:28] Epoch=0068 Loss=0.6612
[2024-09-05 22:36:34] Epoch=0069 Loss=0.6684
[2024-09-05 22:36:41] Epoch=0070 Loss=0.6960
[2024-09-05 22:36:47] Epoch=0071 Loss=0.7778
[2024-09-05 22:36:53] Epoch=0072 Loss=0.8485
[2024-09-05 22:37:00] Epoch=0073 Loss=0.9458
[2024-09-05 22:37:07] Epoch=0074 Loss=1.0298
[2024-09-05 22:37:13] Epoch=0075 Loss=1.0548
[2024-09-05 22:37:20] Epoch=0076 Loss=0.7767
[2024-09-05 22:37:27] Epoch=0077 Loss=0.7636
[2024-09-05 22:37:33] Epoch=0078 Loss=0.6393
[2024-09-05 22:37:40] Epoch=0079 Loss=0.5834
[2024-09-05 22:37:46] Epoch=0080 Loss=0.5377
[2024-09-05 22:37:53] Epoch=0081 Loss=0.5147
[2024-09-05 22:37:59] Epoch=0082 Loss=0.4938
[2024-09-05 22:38:06] Epoch=0083 Loss=0.4578
[2024-09-05 22:38:13] Epoch=0084 Loss=0.4144
[2024-09-05 22:38:19] Epoch=0085 Loss=0.3888
[2024-09-05 22:38:26] Epoch=0086 Loss=0.3655
[2024-09-05 22:38:32] Epoch=0087 Loss=0.3511
[2024-09-05 22:38:39] Epoch=0088 Loss=0.3429
[2024-09-05 22:38:46] Epoch=0089 Loss=0.3377
[2024-09-05 22:38:52] Epoch=0090 Loss=0.3357
[2024-09-05 22:38:59] Epoch=0091 Loss=0.3400
[2024-09-05 22:39:05] Epoch=0092 Loss=0.3400
[2024-09-05 22:39:12] Epoch=0093 Loss=0.3357
[2024-09-05 22:39:18] Epoch=0094 Loss=0.3469
[2024-09-05 22:39:25] Epoch=0095 Loss=0.3614
[2024-09-05 22:39:32] Epoch=0096 Loss=0.3899
[2024-09-05 22:39:38] Epoch=0097 Loss=0.4505
[2024-09-05 22:39:45] Epoch=0098 Loss=0.5054
[2024-09-05 22:39:52] Epoch=0099 Loss=0.5132
[2024-09-05 22:39:58] Epoch=0100 Loss=0.4574
[2024-09-05 22:40:05] Epoch=0101 Loss=0.3999
[2024-09-05 22:40:11] Epoch=0102 Loss=0.3520
[2024-09-05 22:40:18] Epoch=0103 Loss=0.3077
[2024-09-05 22:40:25] Epoch=0104 Loss=0.2847
[2024-09-05 22:40:31] Epoch=0105 Loss=0.2719
[2024-09-05 22:40:38] Epoch=0106 Loss=0.2669
[2024-09-05 22:40:45] Epoch=0107 Loss=0.2710
[2024-09-05 22:40:51] Epoch=0108 Loss=0.2940
[2024-09-05 22:40:58] Epoch=0109 Loss=0.3017
[2024-09-05 22:41:04] Epoch=0110 Loss=0.2925
[2024-09-05 22:41:11] Epoch=0111 Loss=0.2702
[2024-09-05 22:41:17] Epoch=0112 Loss=0.2546
[2024-09-05 22:41:24] Epoch=0113 Loss=0.2406
[2024-09-05 22:41:31] Epoch=0114 Loss=0.2365
[2024-09-05 22:41:37] Epoch=0115 Loss=0.2354
[2024-09-05 22:41:44] Epoch=0116 Loss=0.2391
[2024-09-05 22:41:51] Epoch=0117 Loss=0.2442
[2024-09-05 22:41:57] Epoch=0118 Loss=0.2388
[2024-09-05 22:42:04] Epoch=0119 Loss=0.2405
[2024-09-05 22:42:10] Epoch=0120 Loss=0.2565
[2024-09-05 22:42:17] Epoch=0121 Loss=0.2556
[2024-09-05 22:42:23] Epoch=0122 Loss=0.2501
[2024-09-05 22:42:29] Epoch=0123 Loss=0.2338
[2024-09-05 22:42:35] Epoch=0124 Loss=0.2475
[2024-09-05 22:42:41] Epoch=0125 Loss=0.2363
[2024-09-05 22:42:47] Epoch=0126 Loss=0.2368
[2024-09-05 22:42:53] Epoch=0127 Loss=0.2345
[2024-09-05 22:42:59] Epoch=0128 Loss=0.2263
[2024-09-05 22:43:05] Epoch=0129 Loss=0.2125
[2024-09-05 22:43:11] Epoch=0130 Loss=0.2002
[2024-09-05 22:43:17] Epoch=0131 Loss=0.1950
[2024-09-05 22:43:22] Epoch=0132 Loss=0.1907
[2024-09-05 22:43:28] Epoch=0133 Loss=0.1823
[2024-09-05 22:43:34] Epoch=0134 Loss=0.1811
[2024-09-05 22:43:40] Epoch=0135 Loss=0.1726
[2024-09-05 22:43:46] Epoch=0136 Loss=0.1724
[2024-09-05 22:43:52] Epoch=0137 Loss=0.1712
[2024-09-05 22:43:58] Epoch=0138 Loss=0.1702
[2024-09-05 22:44:04] Epoch=0139 Loss=0.1757
[2024-09-05 22:44:10] Epoch=0140 Loss=0.1905
[2024-09-05 22:44:16] Epoch=0141 Loss=0.2161
[2024-09-05 22:44:22] Epoch=0142 Loss=0.2225
[2024-09-05 22:44:28] Epoch=0143 Loss=0.2224
[2024-09-05 22:44:34] Epoch=0144 Loss=0.2213
[2024-09-05 22:44:40] Epoch=0145 Loss=0.2117
[2024-09-05 22:44:45] Epoch=0146 Loss=0.1871
[2024-09-05 22:44:51] Epoch=0147 Loss=0.1722
[2024-09-05 22:44:57] Epoch=0148 Loss=0.1627
[2024-09-05 22:45:03] Epoch=0149 Loss=0.1530
[2024-09-05 22:45:09] Epoch=0150 Loss=0.1471
[2024-09-05 22:45:15] Epoch=0151 Loss=0.1445
[2024-09-05 22:45:21] Epoch=0152 Loss=0.1447
[2024-09-05 22:45:27] Epoch=0153 Loss=0.1426
[2024-09-05 22:45:33] Epoch=0154 Loss=0.1378
[2024-09-05 22:45:39] Epoch=0155 Loss=0.1384
[2024-09-05 22:45:45] Epoch=0156 Loss=0.1374
[2024-09-05 22:45:51] Epoch=0157 Loss=0.1355
[2024-09-05 22:45:57] Epoch=0158 Loss=0.1374
[2024-09-05 22:46:03] Epoch=0159 Loss=0.1407
[2024-09-05 22:46:09] Epoch=0160 Loss=0.1503
[2024-09-05 22:46:14] Epoch=0161 Loss=0.1683
[2024-09-05 22:46:20] Epoch=0162 Loss=0.1796
[2024-09-05 22:46:26] Epoch=0163 Loss=0.1767
[2024-09-05 22:46:32] Epoch=0164 Loss=0.1653
[2024-09-05 22:46:38] Epoch=0165 Loss=0.1581
[2024-09-05 22:46:44] Epoch=0166 Loss=0.1508
[2024-09-05 22:46:50] Epoch=0167 Loss=0.1466
[2024-09-05 22:46:56] Epoch=0168 Loss=0.1454
[2024-09-05 22:47:02] Epoch=0169 Loss=0.1412
[2024-09-05 22:47:08] Epoch=0170 Loss=0.1385
[2024-09-05 22:47:14] Epoch=0171 Loss=0.1374
[2024-09-05 22:47:20] Epoch=0172 Loss=0.1319
[2024-09-05 22:47:26] Epoch=0173 Loss=0.1288
[2024-09-05 22:47:32] Epoch=0174 Loss=0.1248
[2024-09-05 22:47:38] Epoch=0175 Loss=0.1287
[2024-09-05 22:47:44] Epoch=0176 Loss=0.1278
[2024-09-05 22:47:50] Epoch=0177 Loss=0.1273
[2024-09-05 22:47:56] Epoch=0178 Loss=0.1292
[2024-09-05 22:48:02] Epoch=0179 Loss=0.1318
[2024-09-05 22:48:07] Epoch=0180 Loss=0.1395
[2024-09-05 22:48:13] Epoch=0181 Loss=0.1408
[2024-09-05 22:48:19] Epoch=0182 Loss=0.1435
[2024-09-05 22:48:25] Epoch=0183 Loss=0.1398
[2024-09-05 22:48:31] Epoch=0184 Loss=0.1461
[2024-09-05 22:48:37] Epoch=0185 Loss=0.1503
[2024-09-05 22:48:43] Epoch=0186 Loss=0.1512
[2024-09-05 22:48:49] Epoch=0187 Loss=0.1399
[2024-09-05 22:48:55] Epoch=0188 Loss=0.1301
[2024-09-05 22:49:01] Epoch=0189 Loss=0.1263
[2024-09-05 22:49:07] Epoch=0190 Loss=0.1225
[2024-09-05 22:49:13] Epoch=0191 Loss=0.1158
[2024-09-05 22:49:18] Epoch=0192 Loss=0.1135
[2024-09-05 22:49:24] Epoch=0193 Loss=0.1126
[2024-09-05 22:49:30] Epoch=0194 Loss=0.1139
[2024-09-05 22:49:36] Epoch=0195 Loss=0.1147
[2024-09-05 22:49:42] Epoch=0196 Loss=0.1143
[2024-09-05 22:49:48] Epoch=0197 Loss=0.1203
[2024-09-05 22:49:54] Epoch=0198 Loss=0.1277
[2024-09-05 22:50:00] Epoch=0199 Loss=0.1327
[2024-09-05 22:50:06] Epoch=0200 Loss=0.1315
[2024-09-05 22:50:12] Epoch=0201 Loss=0.1328
[2024-09-05 22:50:18] Epoch=0202 Loss=0.1293
[2024-09-05 22:50:24] Epoch=0203 Loss=0.1254
[2024-09-05 22:50:30] Epoch=0204 Loss=0.1231
[2024-09-05 22:50:36] Epoch=0205 Loss=0.1237
[2024-09-05 22:50:42] Epoch=0206 Loss=0.1195
[2024-09-05 22:50:48] Epoch=0207 Loss=0.1196
[2024-09-05 22:50:53] Epoch=0208 Loss=0.1146
[2024-09-05 22:50:59] Epoch=0209 Loss=0.1153
[2024-09-05 22:51:05] Epoch=0210 Loss=0.1202
[2024-09-05 22:51:11] Epoch=0211 Loss=0.1243
[2024-09-05 22:51:17] Epoch=0212 Loss=0.1305
[2024-09-05 22:51:23] Epoch=0213 Loss=0.1347
[2024-09-05 22:51:29] Epoch=0214 Loss=0.1399
[2024-09-05 22:51:35] Epoch=0215 Loss=0.1421
[2024-09-05 22:51:41] Epoch=0216 Loss=0.1395
[2024-09-05 22:51:47] Epoch=0217 Loss=0.1338
[2024-09-05 22:51:53] Epoch=0218 Loss=0.1352
[2024-09-05 22:51:59] Epoch=0219 Loss=0.1335
[2024-09-05 22:52:05] Epoch=0220 Loss=0.1320
[2024-09-05 22:52:11] Epoch=0221 Loss=0.1255
[2024-09-05 22:52:16] Epoch=0222 Loss=0.1230
[2024-09-05 22:52:22] Epoch=0223 Loss=0.1198
[2024-09-05 22:52:28] Epoch=0224 Loss=0.1185
[2024-09-05 22:52:34] Epoch=0225 Loss=0.1176
[2024-09-05 22:52:40] Epoch=0226 Loss=0.1129
[2024-09-05 22:52:46] Epoch=0227 Loss=0.1109
[2024-09-05 22:52:52] Epoch=0228 Loss=0.1071
[2024-09-05 22:52:58] Epoch=0229 Loss=0.1086
[2024-09-05 22:53:04] Epoch=0230 Loss=0.1134
[2024-09-05 22:53:10] Epoch=0231 Loss=0.1125
[2024-09-05 22:53:16] Epoch=0232 Loss=0.1117
[2024-09-05 22:53:21] Epoch=0233 Loss=0.1119
[2024-09-05 22:53:27] Epoch=0234 Loss=0.1092
[2024-09-05 22:53:33] Epoch=0235 Loss=0.1099
[2024-09-05 22:53:39] Epoch=0236 Loss=0.1144
[2024-09-05 22:53:45] Epoch=0237 Loss=0.1163
[2024-09-05 22:53:51] Epoch=0238 Loss=0.1184
[2024-09-05 22:53:57] Epoch=0239 Loss=0.1180
[2024-09-05 22:54:03] Epoch=0240 Loss=0.1198
[2024-09-05 22:54:09] Epoch=0241 Loss=0.1211
[2024-09-05 22:54:15] Epoch=0242 Loss=0.1191
[2024-09-05 22:54:21] Epoch=0243 Loss=0.1188
[2024-09-05 22:54:27] Epoch=0244 Loss=0.1132
[2024-09-05 22:54:33] Epoch=0245 Loss=0.1122
[2024-09-05 22:54:38] Epoch=0246 Loss=0.1059
[2024-09-05 22:54:44] Epoch=0247 Loss=0.1056
[2024-09-05 22:54:50] Epoch=0248 Loss=0.1041
[2024-09-05 22:54:56] Epoch=0249 Loss=0.1046
[2024-09-05 22:55:02] Epoch=0250 Loss=0.1048
[2024-09-05 22:55:08] Epoch=0251 Loss=0.1067
[2024-09-05 22:55:14] Epoch=0252 Loss=0.1090
[2024-09-05 22:55:20] Epoch=0253 Loss=0.1128
[2024-09-05 22:55:26] Epoch=0254 Loss=0.1201
[2024-09-05 22:55:32] Epoch=0255 Loss=0.1238
[2024-09-05 22:55:38] Epoch=0256 Loss=0.1264
[2024-09-05 22:55:44] Epoch=0257 Loss=0.1292
[2024-09-05 22:55:49] Epoch=0258 Loss=0.1375
[2024-09-05 22:55:55] Epoch=0259 Loss=0.1379
[2024-09-05 22:56:01] Epoch=0260 Loss=0.1360
[2024-09-05 22:56:07] Epoch=0261 Loss=0.1389
[2024-09-05 22:56:13] Epoch=0262 Loss=0.1380
[2024-09-05 22:56:19] Epoch=0263 Loss=0.1388
[2024-09-05 22:56:25] Epoch=0264 Loss=0.1254
[2024-09-05 22:56:31] Epoch=0265 Loss=0.1178
[2024-09-05 22:56:37] Epoch=0266 Loss=0.1054
[2024-09-05 22:56:43] Epoch=0267 Loss=0.0977
[2024-09-05 22:56:49] Epoch=0268 Loss=0.0938
[2024-09-05 22:56:55] Epoch=0269 Loss=0.0920
[2024-09-05 22:57:01] Epoch=0270 Loss=0.0904
[2024-09-05 22:57:07] Epoch=0271 Loss=0.0891
[2024-09-05 22:57:13] Epoch=0272 Loss=0.0885
[2024-09-05 22:57:19] Epoch=0273 Loss=0.0875
[2024-09-05 22:57:25] Epoch=0274 Loss=0.0873
[2024-09-05 22:57:32] Epoch=0275 Loss=0.0862
[2024-09-05 22:57:39] Epoch=0276 Loss=0.0865
[2024-09-05 22:57:45] Epoch=0277 Loss=0.0873
[2024-09-05 22:57:52] Epoch=0278 Loss=0.0898
[2024-09-05 22:57:58] Epoch=0279 Loss=0.0948
[2024-09-05 22:58:05] Epoch=0280 Loss=0.1009
[2024-09-05 22:58:11] Epoch=0281 Loss=0.1088
[2024-09-05 22:58:18] Epoch=0282 Loss=0.1185
[2024-09-05 22:58:25] Epoch=0283 Loss=0.1210
[2024-09-05 22:58:31] Epoch=0284 Loss=0.1237
[2024-09-05 22:58:38] Epoch=0285 Loss=0.1188
[2024-09-05 22:58:44] Epoch=0286 Loss=0.1086
[2024-09-05 22:58:51] Epoch=0287 Loss=0.1094
[2024-09-05 22:58:57] Epoch=0288 Loss=0.1124
[2024-09-05 22:59:04] Epoch=0289 Loss=0.1173
[2024-09-05 22:59:11] Epoch=0290 Loss=0.1115
[2024-09-05 22:59:17] Epoch=0291 Loss=0.1033
[2024-09-05 22:59:23] Epoch=0292 Loss=0.0992
[2024-09-05 22:59:30] Epoch=0293 Loss=0.0963
[2024-09-05 22:59:37] Epoch=0294 Loss=0.0895
[2024-09-05 22:59:43] Epoch=0295 Loss=0.0864
[2024-09-05 22:59:50] Epoch=0296 Loss=0.0840
[2024-09-05 22:59:57] Epoch=0297 Loss=0.0818
[2024-09-05 23:00:03] Epoch=0298 Loss=0.0822
[2024-09-05 23:00:10] Epoch=0299 Loss=0.0813
[2024-09-05 23:00:16] Epoch=0300 Loss=0.0825
[2024-09-05 23:00:23] Epoch=0301 Loss=0.0832
[2024-09-05 23:00:29] Epoch=0302 Loss=0.0838
[2024-09-05 23:00:36] Epoch=0303 Loss=0.0835
[2024-09-05 23:00:42] Epoch=0304 Loss=0.0830
[2024-09-05 23:00:49] Epoch=0305 Loss=0.0828
[2024-09-05 23:00:56] Epoch=0306 Loss=0.0838
[2024-09-05 23:01:02] Epoch=0307 Loss=0.0875
[2024-09-05 23:01:09] Epoch=0308 Loss=0.0866
[2024-09-05 23:01:15] Epoch=0309 Loss=0.0868
[2024-09-05 23:01:22] Epoch=0310 Loss=0.0884
[2024-09-05 23:01:28] Epoch=0311 Loss=0.0952
[2024-09-05 23:01:35] Epoch=0312 Loss=0.0991
[2024-09-05 23:01:42] Epoch=0313 Loss=0.0964
[2024-09-05 23:01:49] Epoch=0314 Loss=0.0943
[2024-09-05 23:01:55] Epoch=0315 Loss=0.0979
[2024-09-05 23:02:02] Epoch=0316 Loss=0.1002
[2024-09-05 23:02:09] Epoch=0317 Loss=0.0979
[2024-09-05 23:02:15] Epoch=0318 Loss=0.0982
[2024-09-05 23:02:22] Epoch=0319 Loss=0.0950
[2024-09-05 23:02:28] Epoch=0320 Loss=0.0924
[2024-09-05 23:02:35] Epoch=0321 Loss=0.0889
[2024-09-05 23:02:41] Epoch=0322 Loss=0.0802
[2024-09-05 23:02:48] Epoch=0323 Loss=0.0756
[2024-09-05 23:02:54] Epoch=0324 Loss=0.0735
[2024-09-05 23:03:01] Epoch=0325 Loss=0.0723
[2024-09-05 23:03:07] Epoch=0326 Loss=0.0706
[2024-09-05 23:03:14] Epoch=0327 Loss=0.0688
[2024-09-05 23:03:20] Epoch=0328 Loss=0.0674
[2024-09-05 23:03:27] Epoch=0329 Loss=0.0678
[2024-09-05 23:03:34] Epoch=0330 Loss=0.0657
[2024-09-05 23:03:40] Epoch=0331 Loss=0.0651
[2024-09-05 23:03:47] Epoch=0332 Loss=0.0650
[2024-09-05 23:03:54] Epoch=0333 Loss=0.0671
[2024-09-05 23:04:00] Epoch=0334 Loss=0.0699
[2024-09-05 23:04:07] Epoch=0335 Loss=0.0734
[2024-09-05 23:04:13] Epoch=0336 Loss=0.0778
[2024-09-05 23:04:20] Epoch=0337 Loss=0.0835
[2024-09-05 23:04:26] Epoch=0338 Loss=0.0844
[2024-09-05 23:04:33] Epoch=0339 Loss=0.0923
[2024-09-05 23:04:40] Epoch=0340 Loss=0.0938
[2024-09-05 23:04:46] Epoch=0341 Loss=0.0934
[2024-09-05 23:04:53] Epoch=0342 Loss=0.0863
[2024-09-05 23:04:59] Epoch=0343 Loss=0.0875
[2024-09-05 23:05:06] Epoch=0344 Loss=0.0920
[2024-09-05 23:05:13] Epoch=0345 Loss=0.0917
[2024-09-05 23:05:19] Epoch=0346 Loss=0.0879
[2024-09-05 23:05:26] Epoch=0347 Loss=0.0864
[2024-09-05 23:05:33] Epoch=0348 Loss=0.0847
[2024-09-05 23:05:39] Epoch=0349 Loss=0.0792
[2024-09-05 23:05:46] Epoch=0350 Loss=0.0726
[2024-09-05 23:05:52] Epoch=0351 Loss=0.0688
[2024-09-05 23:05:59] Epoch=0352 Loss=0.0630
[2024-09-05 23:06:05] Epoch=0353 Loss=0.0600
[2024-09-05 23:06:12] Epoch=0354 Loss=0.0588
[2024-09-05 23:06:18] Epoch=0355 Loss=0.0575
[2024-09-05 23:06:25] Epoch=0356 Loss=0.0567
[2024-09-05 23:06:31] Epoch=0357 Loss=0.0569
[2024-09-05 23:06:38] Epoch=0358 Loss=0.0564
[2024-09-05 23:06:44] Epoch=0359 Loss=0.0561
[2024-09-05 23:06:51] Epoch=0360 Loss=0.0560
[2024-09-05 23:06:58] Epoch=0361 Loss=0.0554
[2024-09-05 23:07:04] Epoch=0362 Loss=0.0549
[2024-09-05 23:07:11] Epoch=0363 Loss=0.0556
[2024-09-05 23:07:17] Epoch=0364 Loss=0.0561
[2024-09-05 23:07:24] Epoch=0365 Loss=0.0568
[2024-09-05 23:07:30] Epoch=0366 Loss=0.0562
[2024-09-05 23:07:37] Epoch=0367 Loss=0.0555
[2024-09-05 23:07:44] Epoch=0368 Loss=0.0562
[2024-09-05 23:07:50] Epoch=0369 Loss=0.0595
[2024-09-05 23:07:57] Epoch=0370 Loss=0.0646
[2024-09-05 23:08:03] Epoch=0371 Loss=0.0729
[2024-09-05 23:08:10] Epoch=0372 Loss=0.0791
[2024-09-05 23:08:17] Epoch=0373 Loss=0.0841
[2024-09-05 23:08:23] Epoch=0374 Loss=0.0755
[2024-09-05 23:08:29] Epoch=0375 Loss=0.0770
[2024-09-05 23:08:36] Epoch=0376 Loss=0.0788
[2024-09-05 23:08:42] Epoch=0377 Loss=0.0776
[2024-09-05 23:08:49] Epoch=0378 Loss=0.0754
[2024-09-05 23:08:55] Epoch=0379 Loss=0.0765
[2024-09-05 23:09:02] Epoch=0380 Loss=0.0705
[2024-09-05 23:09:08] Epoch=0381 Loss=0.0722
[2024-09-05 23:09:15] Epoch=0382 Loss=0.0699
[2024-09-05 23:09:21] Epoch=0383 Loss=0.0649
[2024-09-05 23:09:28] Epoch=0384 Loss=0.0604
[2024-09-05 23:09:35] Epoch=0385 Loss=0.0582
[2024-09-05 23:09:41] Epoch=0386 Loss=0.0563
[2024-09-05 23:09:47] Epoch=0387 Loss=0.0557
[2024-09-05 23:09:54] Epoch=0388 Loss=0.0545
[2024-09-05 23:10:01] Epoch=0389 Loss=0.0538
[2024-09-05 23:10:08] Epoch=0390 Loss=0.0533
[2024-09-05 23:10:14] Epoch=0391 Loss=0.0532
[2024-09-05 23:10:21] Epoch=0392 Loss=0.0524
[2024-09-05 23:10:28] Epoch=0393 Loss=0.0519
[2024-09-05 23:10:34] Epoch=0394 Loss=0.0514
[2024-09-05 23:10:41] Epoch=0395 Loss=0.0513
[2024-09-05 23:10:47] Epoch=0396 Loss=0.0509
[2024-09-05 23:10:54] Epoch=0397 Loss=0.0504
[2024-09-05 23:11:01] Epoch=0398 Loss=0.0505
[2024-09-05 23:11:07] Epoch=0399 Loss=0.0510
[2024-09-05 23:11:14] Epoch=0400 Loss=0.0510
[2024-09-05 23:11:20] Epoch=0401 Loss=0.0525
[2024-09-05 23:11:27] Epoch=0402 Loss=0.0527
[2024-09-05 23:11:34] Epoch=0403 Loss=0.0536
[2024-09-05 23:11:40] Epoch=0404 Loss=0.0539
[2024-09-05 23:11:47] Epoch=0405 Loss=0.0562
[2024-09-05 23:11:54] Epoch=0406 Loss=0.0571
[2024-09-05 23:12:00] Epoch=0407 Loss=0.0565
[2024-09-05 23:12:07] Epoch=0408 Loss=0.0571
[2024-09-05 23:12:13] Epoch=0409 Loss=0.0595
[2024-09-05 23:12:20] Epoch=0410 Loss=0.0599
[2024-09-05 23:12:26] Epoch=0411 Loss=0.0668
[2024-09-05 23:12:33] Epoch=0412 Loss=0.0673
[2024-09-05 23:12:39] Epoch=0413 Loss=0.0701
[2024-09-05 23:12:46] Epoch=0414 Loss=0.0714
[2024-09-05 23:12:52] Epoch=0415 Loss=0.0704
[2024-09-05 23:12:59] Epoch=0416 Loss=0.0866
[2024-09-05 23:13:05] Epoch=0417 Loss=0.0730
[2024-09-05 23:13:12] Epoch=0418 Loss=0.0702
[2024-09-05 23:13:19] Epoch=0419 Loss=0.0597
[2024-09-05 23:13:25] Epoch=0420 Loss=0.0532
[2024-09-05 23:13:32] Epoch=0421 Loss=0.0509
[2024-09-05 23:13:39] Epoch=0422 Loss=0.0490
[2024-09-05 23:13:46] Epoch=0423 Loss=0.0468
[2024-09-05 23:13:52] Epoch=0424 Loss=0.0456
[2024-09-05 23:13:59] Epoch=0425 Loss=0.0447
[2024-09-05 23:14:05] Epoch=0426 Loss=0.0449
[2024-09-05 23:14:12] Epoch=0427 Loss=0.0446
[2024-09-05 23:14:18] Epoch=0428 Loss=0.0442
[2024-09-05 23:14:25] Epoch=0429 Loss=0.0436
[2024-09-05 23:14:31] Epoch=0430 Loss=0.0440
[2024-09-05 23:14:38] Epoch=0431 Loss=0.0438
[2024-09-05 23:14:44] Epoch=0432 Loss=0.0440
[2024-09-05 23:14:51] Epoch=0433 Loss=0.0442
[2024-09-05 23:14:57] Epoch=0434 Loss=0.0450
[2024-09-05 23:15:03] Epoch=0435 Loss=0.0455
[2024-09-05 23:15:10] Epoch=0436 Loss=0.0464
[2024-09-05 23:15:16] Epoch=0437 Loss=0.0469
[2024-09-05 23:15:23] Epoch=0438 Loss=0.0482
[2024-09-05 23:15:29] Epoch=0439 Loss=0.0492
[2024-09-05 23:15:36] Epoch=0440 Loss=0.0500
[2024-09-05 23:15:43] Epoch=0441 Loss=0.0501
[2024-09-05 23:15:49] Epoch=0442 Loss=0.0551
[2024-09-05 23:15:56] Epoch=0443 Loss=0.0563
[2024-09-05 23:16:02] Epoch=0444 Loss=0.0541
[2024-09-05 23:16:09] Epoch=0445 Loss=0.0539
[2024-09-05 23:16:15] Epoch=0446 Loss=0.0539
[2024-09-05 23:16:22] Epoch=0447 Loss=0.0531
[2024-09-05 23:16:28] Epoch=0448 Loss=0.0533
[2024-09-05 23:16:35] Epoch=0449 Loss=0.0517
[2024-09-05 23:16:41] Epoch=0450 Loss=0.0500
[2024-09-05 23:16:48] Epoch=0451 Loss=0.0486
[2024-09-05 23:16:55] Epoch=0452 Loss=0.0469
[2024-09-05 23:17:01] Epoch=0453 Loss=0.0470
[2024-09-05 23:17:07] Epoch=0454 Loss=0.0452
[2024-09-05 23:17:14] Epoch=0455 Loss=0.0452
[2024-09-05 23:17:20] Epoch=0456 Loss=0.0448
[2024-09-05 23:17:27] Epoch=0457 Loss=0.0451
[2024-09-05 23:17:34] Epoch=0458 Loss=0.0460
[2024-09-05 23:17:40] Epoch=0459 Loss=0.0468
[2024-09-05 23:17:47] Epoch=0460 Loss=0.0463
[2024-09-05 23:17:53] Epoch=0461 Loss=0.0469
[2024-09-05 23:18:00] Epoch=0462 Loss=0.0461
[2024-09-05 23:18:06] Epoch=0463 Loss=0.0473
[2024-09-05 23:18:13] Epoch=0464 Loss=0.0463
[2024-09-05 23:18:19] Epoch=0465 Loss=0.0481
[2024-09-05 23:18:26] Epoch=0466 Loss=0.0472
[2024-09-05 23:18:33] Epoch=0467 Loss=0.0491
[2024-09-05 23:18:39] Epoch=0468 Loss=0.0485
[2024-09-05 23:18:46] Epoch=0469 Loss=0.0491
[2024-09-05 23:18:52] Epoch=0470 Loss=0.0497
[2024-09-05 23:18:59] Epoch=0471 Loss=0.0551
[2024-09-05 23:19:05] Epoch=0472 Loss=0.0530
[2024-09-05 23:19:12] Epoch=0473 Loss=0.0577
[2024-09-05 23:19:18] Epoch=0474 Loss=0.0579
[2024-09-05 23:19:25] Epoch=0475 Loss=0.0565
[2024-09-05 23:19:31] Epoch=0476 Loss=0.0604
[2024-09-05 23:19:38] Epoch=0477 Loss=0.0592
[2024-09-05 23:19:44] Epoch=0478 Loss=0.0594
[2024-09-05 23:19:51] Epoch=0479 Loss=0.0508
[2024-09-05 23:19:51] Training completed.
[2024-09-05 23:19:51] Min train loss: 0.0436 | Epoch: 0428
[2024-09-05 23:19:51] Save to D:\LSL\MyFILES\PRO\NEW_OnePPI(drug)_sim\cell\data\Dcy_GAT_OnePPI_concat+emb_(mut_sim)_0.2_mdl_mut_64x384_2409052228
[2024-09-05 23:19:51] Save train loss curve to D:\LSL\MyFILES\PRO\NEW_OnePPI(drug)_sim\cell\data\Dcy_GAT_OnePPI_concat+emb_(mut_sim)_0.2_mdl_mut_64x384_2409052228\loss.pkl
[2024-09-05 23:19:51] Save D:\LSL\MyFILES\PRO\NEW_OnePPI(drug)_sim\cell\data\Dcy_GAT_OnePPI_concat+emb_(mut_sim)_0.2_mdl_mut_64x384_2409052228\embeddings384.npy
[2024-09-05 23:19:51] Save D:\LSL\MyFILES\PRO\NEW_OnePPI(drug)_sim\cell\data\Dcy_GAT_OnePPI_concat+emb_(mut_sim)_0.2_mdl_mut_64x384_2409052228\best_attention.npy
