[2024-09-06 09:28:41] Check model.
[2024-09-06 09:28:41] Cell2Vec(
  (encoder): GATEncoder(
    (loss_type): PReLU(num_parameters=1)
    (conv): GATConv([972, 972], 64, heads=2)
    (bn): LayerNorm((128,), eps=1e-05, elementwise_affine=True)
    (prelu): PReLU(num_parameters=128)
  )
  (embeddings): Embedding(38, 128)
  (projector): Sequential(
    (0): Linear(in_features=128, out_features=128, bias=True)
    (1): Dropout(p=0.5, inplace=False)
  )
  (edge_position_embedding): Embedding(11, 32)
  (edge_angle_embedding): Embedding(11, 32)
)
[2024-09-06 09:28:41] Start training.
[2024-09-06 09:28:49] Epoch=0001 Loss=32.2900
[2024-09-06 09:28:55] Epoch=0002 Loss=26.9559
[2024-09-06 09:29:01] Epoch=0003 Loss=21.0025
[2024-09-06 09:29:08] Epoch=0004 Loss=15.8637
[2024-09-06 09:29:14] Epoch=0005 Loss=12.0168
[2024-09-06 09:29:20] Epoch=0006 Loss=10.7186
[2024-09-06 09:29:27] Epoch=0007 Loss=9.5135
[2024-09-06 09:29:33] Epoch=0008 Loss=8.0511
[2024-09-06 09:29:40] Epoch=0009 Loss=7.2151
[2024-09-06 09:29:46] Epoch=0010 Loss=6.7614
[2024-09-06 09:29:53] Epoch=0011 Loss=6.4934
[2024-09-06 09:30:00] Epoch=0012 Loss=6.3126
[2024-09-06 09:30:06] Epoch=0013 Loss=5.7919
[2024-09-06 09:30:13] Epoch=0014 Loss=5.0912
[2024-09-06 09:30:19] Epoch=0015 Loss=4.7925
[2024-09-06 09:30:26] Epoch=0016 Loss=4.4818
[2024-09-06 09:30:32] Epoch=0017 Loss=4.0638
[2024-09-06 09:30:39] Epoch=0018 Loss=3.8082
[2024-09-06 09:30:45] Epoch=0019 Loss=3.5651
[2024-09-06 09:30:52] Epoch=0020 Loss=3.1670
[2024-09-06 09:30:58] Epoch=0021 Loss=2.8776
[2024-09-06 09:31:04] Epoch=0022 Loss=2.7786
[2024-09-06 09:31:11] Epoch=0023 Loss=2.6194
[2024-09-06 09:31:17] Epoch=0024 Loss=2.7087
[2024-09-06 09:31:23] Epoch=0025 Loss=2.7000
[2024-09-06 09:31:30] Epoch=0026 Loss=2.4909
[2024-09-06 09:31:36] Epoch=0027 Loss=2.4677
[2024-09-06 09:31:43] Epoch=0028 Loss=2.3905
[2024-09-06 09:31:49] Epoch=0029 Loss=2.1671
[2024-09-06 09:31:56] Epoch=0030 Loss=1.9369
[2024-09-06 09:32:02] Epoch=0031 Loss=2.1726
[2024-09-06 09:32:08] Epoch=0032 Loss=1.9538
[2024-09-06 09:32:15] Epoch=0033 Loss=1.9565
[2024-09-06 09:32:21] Epoch=0034 Loss=1.9128
[2024-09-06 09:32:28] Epoch=0035 Loss=1.7441
[2024-09-06 09:32:34] Epoch=0036 Loss=1.7049
[2024-09-06 09:32:40] Epoch=0037 Loss=1.6229
[2024-09-06 09:32:47] Epoch=0038 Loss=1.6105
[2024-09-06 09:32:53] Epoch=0039 Loss=1.6019
[2024-09-06 09:33:00] Epoch=0040 Loss=1.4510
[2024-09-06 09:33:07] Epoch=0041 Loss=1.4796
[2024-09-06 09:33:13] Epoch=0042 Loss=1.4330
[2024-09-06 09:33:19] Epoch=0043 Loss=1.4708
[2024-09-06 09:33:26] Epoch=0044 Loss=1.4217
[2024-09-06 09:33:32] Epoch=0045 Loss=1.5274
[2024-09-06 09:33:39] Epoch=0046 Loss=1.3986
[2024-09-06 09:33:45] Epoch=0047 Loss=1.3678
[2024-09-06 09:33:52] Epoch=0048 Loss=1.3350
[2024-09-06 09:33:58] Epoch=0049 Loss=1.3344
[2024-09-06 09:34:05] Epoch=0050 Loss=1.3256
[2024-09-06 09:34:11] Epoch=0051 Loss=1.2889
[2024-09-06 09:34:17] Epoch=0052 Loss=1.3946
[2024-09-06 09:34:24] Epoch=0053 Loss=1.2609
[2024-09-06 09:34:30] Epoch=0054 Loss=1.1356
[2024-09-06 09:34:36] Epoch=0055 Loss=1.1570
[2024-09-06 09:34:43] Epoch=0056 Loss=1.2016
[2024-09-06 09:34:49] Epoch=0057 Loss=1.1481
[2024-09-06 09:34:56] Epoch=0058 Loss=1.1235
[2024-09-06 09:35:02] Epoch=0059 Loss=1.1461
[2024-09-06 09:35:08] Epoch=0060 Loss=1.1548
[2024-09-06 09:35:15] Epoch=0061 Loss=1.0884
[2024-09-06 09:35:21] Epoch=0062 Loss=1.0991
[2024-09-06 09:35:28] Epoch=0063 Loss=1.0392
[2024-09-06 09:35:34] Epoch=0064 Loss=1.0322
[2024-09-06 09:35:40] Epoch=0065 Loss=1.0569
[2024-09-06 09:35:47] Epoch=0066 Loss=1.0634
[2024-09-06 09:35:53] Epoch=0067 Loss=1.1101
[2024-09-06 09:36:00] Epoch=0068 Loss=1.0693
[2024-09-06 09:36:06] Epoch=0069 Loss=1.0151
[2024-09-06 09:36:12] Epoch=0070 Loss=1.0204
[2024-09-06 09:36:19] Epoch=0071 Loss=0.9716
[2024-09-06 09:36:25] Epoch=0072 Loss=0.9954
[2024-09-06 09:36:31] Epoch=0073 Loss=0.9638
[2024-09-06 09:36:38] Epoch=0074 Loss=1.0225
[2024-09-06 09:36:44] Epoch=0075 Loss=0.9522
[2024-09-06 09:36:50] Epoch=0076 Loss=0.9248
[2024-09-06 09:36:57] Epoch=0077 Loss=0.9866
[2024-09-06 09:37:03] Epoch=0078 Loss=1.0407
[2024-09-06 09:37:09] Epoch=0079 Loss=1.0143
[2024-09-06 09:37:16] Epoch=0080 Loss=1.0016
[2024-09-06 09:37:22] Epoch=0081 Loss=0.9147
[2024-09-06 09:37:29] Epoch=0082 Loss=0.9185
[2024-09-06 09:37:35] Epoch=0083 Loss=0.9712
[2024-09-06 09:37:41] Epoch=0084 Loss=0.9472
[2024-09-06 09:37:47] Epoch=0085 Loss=0.9363
[2024-09-06 09:37:54] Epoch=0086 Loss=0.8713
[2024-09-06 09:38:00] Epoch=0087 Loss=0.9063
[2024-09-06 09:38:06] Epoch=0088 Loss=0.9047
[2024-09-06 09:38:13] Epoch=0089 Loss=0.8947
[2024-09-06 09:38:19] Epoch=0090 Loss=0.9402
[2024-09-06 09:38:25] Epoch=0091 Loss=0.9128
[2024-09-06 09:38:32] Epoch=0092 Loss=0.8552
[2024-09-06 09:38:38] Epoch=0093 Loss=0.8734
[2024-09-06 09:38:44] Epoch=0094 Loss=0.8661
[2024-09-06 09:38:51] Epoch=0095 Loss=0.8626
[2024-09-06 09:38:57] Epoch=0096 Loss=0.8332
[2024-09-06 09:39:03] Epoch=0097 Loss=0.8452
[2024-09-06 09:39:10] Epoch=0098 Loss=0.8786
[2024-09-06 09:39:16] Epoch=0099 Loss=0.8447
[2024-09-06 09:39:22] Epoch=0100 Loss=0.8273
[2024-09-06 09:39:29] Epoch=0101 Loss=0.8207
[2024-09-06 09:39:35] Epoch=0102 Loss=0.8166
[2024-09-06 09:39:42] Epoch=0103 Loss=0.8257
[2024-09-06 09:39:48] Epoch=0104 Loss=0.8331
[2024-09-06 09:39:54] Epoch=0105 Loss=0.7959
[2024-09-06 09:40:01] Epoch=0106 Loss=0.7949
[2024-09-06 09:40:07] Epoch=0107 Loss=0.8118
[2024-09-06 09:40:14] Epoch=0108 Loss=0.7930
[2024-09-06 09:40:20] Epoch=0109 Loss=0.7814
[2024-09-06 09:40:26] Epoch=0110 Loss=0.7438
[2024-09-06 09:40:32] Epoch=0111 Loss=0.7409
[2024-09-06 09:40:39] Epoch=0112 Loss=0.7535
[2024-09-06 09:40:45] Epoch=0113 Loss=0.8158
[2024-09-06 09:40:52] Epoch=0114 Loss=0.8084
[2024-09-06 09:40:58] Epoch=0115 Loss=0.7676
[2024-09-06 09:41:05] Epoch=0116 Loss=0.7758
[2024-09-06 09:41:11] Epoch=0117 Loss=0.7457
[2024-09-06 09:41:17] Epoch=0118 Loss=0.7818
[2024-09-06 09:41:24] Epoch=0119 Loss=0.7520
[2024-09-06 09:41:30] Epoch=0120 Loss=0.7476
[2024-09-06 09:41:37] Epoch=0121 Loss=0.7428
[2024-09-06 09:41:43] Epoch=0122 Loss=0.7362
[2024-09-06 09:41:50] Epoch=0123 Loss=0.7507
[2024-09-06 09:41:56] Epoch=0124 Loss=0.7527
[2024-09-06 09:42:03] Epoch=0125 Loss=0.7592
[2024-09-06 09:42:09] Epoch=0126 Loss=0.7749
[2024-09-06 09:42:15] Epoch=0127 Loss=0.7605
[2024-09-06 09:42:22] Epoch=0128 Loss=0.7176
[2024-09-06 09:42:28] Epoch=0129 Loss=0.7289
[2024-09-06 09:42:34] Epoch=0130 Loss=0.7690
[2024-09-06 09:42:40] Epoch=0131 Loss=0.6837
[2024-09-06 09:42:47] Epoch=0132 Loss=0.6976
[2024-09-06 09:42:53] Epoch=0133 Loss=0.7517
[2024-09-06 09:43:00] Epoch=0134 Loss=0.7196
[2024-09-06 09:43:06] Epoch=0135 Loss=0.7265
[2024-09-06 09:43:12] Epoch=0136 Loss=0.6996
[2024-09-06 09:43:19] Epoch=0137 Loss=0.7216
[2024-09-06 09:43:25] Epoch=0138 Loss=0.7400
[2024-09-06 09:43:32] Epoch=0139 Loss=0.6871
[2024-09-06 09:43:38] Epoch=0140 Loss=0.7146
[2024-09-06 09:43:44] Epoch=0141 Loss=0.7021
[2024-09-06 09:43:51] Epoch=0142 Loss=0.7301
[2024-09-06 09:43:57] Epoch=0143 Loss=0.7162
[2024-09-06 09:44:04] Epoch=0144 Loss=0.6994
[2024-09-06 09:44:10] Epoch=0145 Loss=0.6839
[2024-09-06 09:44:16] Epoch=0146 Loss=0.6972
[2024-09-06 09:44:23] Epoch=0147 Loss=0.7185
[2024-09-06 09:44:29] Epoch=0148 Loss=0.6765
[2024-09-06 09:44:35] Epoch=0149 Loss=0.6729
[2024-09-06 09:44:42] Epoch=0150 Loss=0.6838
[2024-09-06 09:44:48] Epoch=0151 Loss=0.6689
[2024-09-06 09:44:54] Epoch=0152 Loss=0.6527
[2024-09-06 09:45:01] Epoch=0153 Loss=0.6891
[2024-09-06 09:45:07] Epoch=0154 Loss=0.6773
[2024-09-06 09:45:13] Epoch=0155 Loss=0.6656
[2024-09-06 09:45:20] Epoch=0156 Loss=0.6781
[2024-09-06 09:45:26] Epoch=0157 Loss=0.6941
[2024-09-06 09:45:32] Epoch=0158 Loss=0.6711
[2024-09-06 09:45:39] Epoch=0159 Loss=0.6704
[2024-09-06 09:45:45] Epoch=0160 Loss=0.6876
[2024-09-06 09:45:52] Epoch=0161 Loss=0.6606
[2024-09-06 09:45:58] Epoch=0162 Loss=0.6697
[2024-09-06 09:46:05] Epoch=0163 Loss=0.6835
[2024-09-06 09:46:11] Epoch=0164 Loss=0.7036
[2024-09-06 09:46:17] Epoch=0165 Loss=0.6787
[2024-09-06 09:46:24] Epoch=0166 Loss=0.6809
[2024-09-06 09:46:30] Epoch=0167 Loss=0.7041
[2024-09-06 09:46:36] Epoch=0168 Loss=0.6469
[2024-09-06 09:46:42] Epoch=0169 Loss=0.6760
[2024-09-06 09:46:49] Epoch=0170 Loss=0.6508
[2024-09-06 09:46:55] Epoch=0171 Loss=0.6675
[2024-09-06 09:47:02] Epoch=0172 Loss=0.6285
[2024-09-06 09:47:08] Epoch=0173 Loss=0.6354
[2024-09-06 09:47:14] Epoch=0174 Loss=0.6520
[2024-09-06 09:47:21] Epoch=0175 Loss=0.6522
[2024-09-06 09:47:27] Epoch=0176 Loss=0.6424
[2024-09-06 09:47:33] Epoch=0177 Loss=0.6383
[2024-09-06 09:47:40] Epoch=0178 Loss=0.6368
[2024-09-06 09:47:46] Epoch=0179 Loss=0.6481
[2024-09-06 09:47:53] Epoch=0180 Loss=0.6647
[2024-09-06 09:47:59] Epoch=0181 Loss=0.6071
[2024-09-06 09:48:05] Epoch=0182 Loss=0.6317
[2024-09-06 09:48:12] Epoch=0183 Loss=0.6206
[2024-09-06 09:48:18] Epoch=0184 Loss=0.6385
[2024-09-06 09:48:25] Epoch=0185 Loss=0.6450
[2024-09-06 09:48:31] Epoch=0186 Loss=0.6699
[2024-09-06 09:48:37] Epoch=0187 Loss=0.6417
[2024-09-06 09:48:44] Epoch=0188 Loss=0.6548
[2024-09-06 09:48:50] Epoch=0189 Loss=0.6319
[2024-09-06 09:48:56] Epoch=0190 Loss=0.6594
[2024-09-06 09:49:03] Epoch=0191 Loss=0.6711
[2024-09-06 09:49:09] Epoch=0192 Loss=0.6442
[2024-09-06 09:49:15] Epoch=0193 Loss=0.6938
[2024-09-06 09:49:22] Epoch=0194 Loss=0.6237
[2024-09-06 09:49:28] Epoch=0195 Loss=0.6247
[2024-09-06 09:49:34] Epoch=0196 Loss=0.6330
[2024-09-06 09:49:41] Epoch=0197 Loss=0.6403
[2024-09-06 09:49:47] Epoch=0198 Loss=0.6037
[2024-09-06 09:49:53] Epoch=0199 Loss=0.6166
[2024-09-06 09:49:59] Epoch=0200 Loss=0.6214
[2024-09-06 09:50:06] Epoch=0201 Loss=0.6535
[2024-09-06 09:50:12] Epoch=0202 Loss=0.6158
[2024-09-06 09:50:19] Epoch=0203 Loss=0.6082
[2024-09-06 09:50:25] Epoch=0204 Loss=0.6114
[2024-09-06 09:50:32] Epoch=0205 Loss=0.6295
[2024-09-06 09:50:38] Epoch=0206 Loss=0.6081
[2024-09-06 09:50:44] Epoch=0207 Loss=0.5976
[2024-09-06 09:50:51] Epoch=0208 Loss=0.6257
[2024-09-06 09:50:57] Epoch=0209 Loss=0.6552
[2024-09-06 09:51:04] Epoch=0210 Loss=0.6321
[2024-09-06 09:51:10] Epoch=0211 Loss=0.6200
[2024-09-06 09:51:16] Epoch=0212 Loss=0.6052
[2024-09-06 09:51:23] Epoch=0213 Loss=0.6612
[2024-09-06 09:51:29] Epoch=0214 Loss=0.6271
[2024-09-06 09:51:36] Epoch=0215 Loss=0.6468
[2024-09-06 09:51:42] Epoch=0216 Loss=0.6396
[2024-09-06 09:51:48] Epoch=0217 Loss=0.6008
[2024-09-06 09:51:55] Epoch=0218 Loss=0.6206
[2024-09-06 09:52:01] Epoch=0219 Loss=0.6269
[2024-09-06 09:52:08] Epoch=0220 Loss=0.5864
[2024-09-06 09:52:14] Epoch=0221 Loss=0.6478
[2024-09-06 09:52:20] Epoch=0222 Loss=0.6349
[2024-09-06 09:52:27] Epoch=0223 Loss=0.6040
[2024-09-06 09:52:33] Epoch=0224 Loss=0.6437
[2024-09-06 09:52:39] Epoch=0225 Loss=0.6256
[2024-09-06 09:52:46] Epoch=0226 Loss=0.5991
[2024-09-06 09:52:52] Epoch=0227 Loss=0.6072
[2024-09-06 09:52:58] Epoch=0228 Loss=0.6246
[2024-09-06 09:53:05] Epoch=0229 Loss=0.6078
[2024-09-06 09:53:11] Epoch=0230 Loss=0.6439
[2024-09-06 09:53:17] Epoch=0231 Loss=0.6343
[2024-09-06 09:53:24] Epoch=0232 Loss=0.6438
[2024-09-06 09:53:30] Epoch=0233 Loss=0.6092
[2024-09-06 09:53:36] Epoch=0234 Loss=0.6185
[2024-09-06 09:53:43] Epoch=0235 Loss=0.5849
[2024-09-06 09:53:49] Epoch=0236 Loss=0.6087
[2024-09-06 09:53:56] Epoch=0237 Loss=0.6035
[2024-09-06 09:54:02] Epoch=0238 Loss=0.6097
[2024-09-06 09:54:08] Epoch=0239 Loss=0.5988
[2024-09-06 09:54:15] Epoch=0240 Loss=0.6060
[2024-09-06 09:54:21] Epoch=0241 Loss=0.5815
[2024-09-06 09:54:27] Epoch=0242 Loss=0.6140
[2024-09-06 09:54:34] Epoch=0243 Loss=0.5731
[2024-09-06 09:54:40] Epoch=0244 Loss=0.6275
[2024-09-06 09:54:47] Epoch=0245 Loss=0.5969
[2024-09-06 09:54:53] Epoch=0246 Loss=0.5870
[2024-09-06 09:54:59] Epoch=0247 Loss=0.5739
[2024-09-06 09:55:06] Epoch=0248 Loss=0.5702
[2024-09-06 09:55:12] Epoch=0249 Loss=0.5836
[2024-09-06 09:55:19] Epoch=0250 Loss=0.6001
[2024-09-06 09:55:25] Epoch=0251 Loss=0.6251
[2024-09-06 09:55:32] Epoch=0252 Loss=0.5837
[2024-09-06 09:55:38] Epoch=0253 Loss=0.5653
[2024-09-06 09:55:44] Epoch=0254 Loss=0.5736
[2024-09-06 09:55:51] Epoch=0255 Loss=0.5719
[2024-09-06 09:55:57] Epoch=0256 Loss=0.5858
[2024-09-06 09:56:04] Epoch=0257 Loss=0.6306
[2024-09-06 09:56:10] Epoch=0258 Loss=0.5977
[2024-09-06 09:56:16] Epoch=0259 Loss=0.6011
[2024-09-06 09:56:23] Epoch=0260 Loss=0.5814
[2024-09-06 09:56:29] Epoch=0261 Loss=0.5892
[2024-09-06 09:56:36] Epoch=0262 Loss=0.5724
[2024-09-06 09:56:42] Epoch=0263 Loss=0.5937
[2024-09-06 09:56:49] Epoch=0264 Loss=0.6126
[2024-09-06 09:56:55] Epoch=0265 Loss=0.5564
[2024-09-06 09:57:01] Epoch=0266 Loss=0.6039
[2024-09-06 09:57:08] Epoch=0267 Loss=0.5847
[2024-09-06 09:57:14] Epoch=0268 Loss=0.6150
[2024-09-06 09:57:21] Epoch=0269 Loss=0.5718
[2024-09-06 09:57:27] Epoch=0270 Loss=0.5777
[2024-09-06 09:57:34] Epoch=0271 Loss=0.5590
[2024-09-06 09:57:40] Epoch=0272 Loss=0.6248
[2024-09-06 09:57:46] Epoch=0273 Loss=0.5643
[2024-09-06 09:57:53] Epoch=0274 Loss=0.5656
[2024-09-06 09:57:59] Epoch=0275 Loss=0.5643
[2024-09-06 09:58:06] Epoch=0276 Loss=0.6129
[2024-09-06 09:58:12] Epoch=0277 Loss=0.5716
[2024-09-06 09:58:18] Epoch=0278 Loss=0.5555
[2024-09-06 09:58:25] Epoch=0279 Loss=0.5669
[2024-09-06 09:58:31] Epoch=0280 Loss=0.5936
[2024-09-06 09:58:37] Epoch=0281 Loss=0.5939
[2024-09-06 09:58:44] Epoch=0282 Loss=0.5271
[2024-09-06 09:58:50] Epoch=0283 Loss=0.5974
[2024-09-06 09:58:57] Epoch=0284 Loss=0.5303
[2024-09-06 09:59:03] Epoch=0285 Loss=0.5633
[2024-09-06 09:59:09] Epoch=0286 Loss=0.5215
[2024-09-06 09:59:16] Epoch=0287 Loss=0.5945
[2024-09-06 09:59:22] Epoch=0288 Loss=0.5724
[2024-09-06 09:59:29] Epoch=0289 Loss=0.5687
[2024-09-06 09:59:35] Epoch=0290 Loss=0.5908
[2024-09-06 09:59:41] Epoch=0291 Loss=0.6012
[2024-09-06 09:59:48] Epoch=0292 Loss=0.5730
[2024-09-06 09:59:54] Epoch=0293 Loss=0.5842
[2024-09-06 10:00:00] Epoch=0294 Loss=0.5807
[2024-09-06 10:00:07] Epoch=0295 Loss=0.6175
[2024-09-06 10:00:13] Epoch=0296 Loss=0.5759
[2024-09-06 10:00:19] Epoch=0297 Loss=0.5497
[2024-09-06 10:00:26] Epoch=0298 Loss=0.5690
[2024-09-06 10:00:32] Epoch=0299 Loss=0.5238
[2024-09-06 10:00:39] Epoch=0300 Loss=0.5347
[2024-09-06 10:00:45] Epoch=0301 Loss=0.5571
[2024-09-06 10:00:52] Epoch=0302 Loss=0.5496
[2024-09-06 10:00:58] Epoch=0303 Loss=0.6005
[2024-09-06 10:01:05] Epoch=0304 Loss=0.5782
[2024-09-06 10:01:11] Epoch=0305 Loss=0.5475
[2024-09-06 10:01:18] Epoch=0306 Loss=0.5192
[2024-09-06 10:01:24] Epoch=0307 Loss=0.5338
[2024-09-06 10:01:31] Epoch=0308 Loss=0.5417
[2024-09-06 10:01:37] Epoch=0309 Loss=0.5491
[2024-09-06 10:01:44] Epoch=0310 Loss=0.5668
[2024-09-06 10:01:50] Epoch=0311 Loss=0.5491
[2024-09-06 10:01:57] Epoch=0312 Loss=0.5211
[2024-09-06 10:02:03] Epoch=0313 Loss=0.5565
[2024-09-06 10:02:10] Epoch=0314 Loss=0.5525
[2024-09-06 10:02:17] Epoch=0315 Loss=0.5277
[2024-09-06 10:02:23] Epoch=0316 Loss=0.5667
[2024-09-06 10:02:30] Epoch=0317 Loss=0.5703
[2024-09-06 10:02:36] Epoch=0318 Loss=0.5738
[2024-09-06 10:02:43] Epoch=0319 Loss=0.5707
[2024-09-06 10:02:50] Epoch=0320 Loss=0.5628
[2024-09-06 10:02:56] Epoch=0321 Loss=0.5052
[2024-09-06 10:03:03] Epoch=0322 Loss=0.5664
[2024-09-06 10:03:09] Epoch=0323 Loss=0.5428
[2024-09-06 10:03:16] Epoch=0324 Loss=0.5447
[2024-09-06 10:03:23] Epoch=0325 Loss=0.5298
[2024-09-06 10:03:29] Epoch=0326 Loss=0.5470
[2024-09-06 10:03:36] Epoch=0327 Loss=0.5615
[2024-09-06 10:03:42] Epoch=0328 Loss=0.5219
[2024-09-06 10:03:49] Epoch=0329 Loss=0.5162
[2024-09-06 10:03:55] Epoch=0330 Loss=0.5134
[2024-09-06 10:04:02] Epoch=0331 Loss=0.5373
[2024-09-06 10:04:09] Epoch=0332 Loss=0.5252
[2024-09-06 10:04:15] Epoch=0333 Loss=0.5408
[2024-09-06 10:04:22] Epoch=0334 Loss=0.5380
[2024-09-06 10:04:28] Epoch=0335 Loss=0.5246
[2024-09-06 10:04:35] Epoch=0336 Loss=0.5329
[2024-09-06 10:04:41] Epoch=0337 Loss=0.5586
[2024-09-06 10:04:48] Epoch=0338 Loss=0.5489
[2024-09-06 10:04:54] Epoch=0339 Loss=0.5180
[2024-09-06 10:05:01] Epoch=0340 Loss=0.5035
[2024-09-06 10:05:07] Epoch=0341 Loss=0.5243
[2024-09-06 10:05:14] Epoch=0342 Loss=0.5425
[2024-09-06 10:05:20] Epoch=0343 Loss=0.5479
[2024-09-06 10:05:27] Epoch=0344 Loss=0.5563
[2024-09-06 10:05:33] Epoch=0345 Loss=0.5487
[2024-09-06 10:05:40] Epoch=0346 Loss=0.5153
[2024-09-06 10:05:47] Epoch=0347 Loss=0.5132
[2024-09-06 10:05:53] Epoch=0348 Loss=0.4991
[2024-09-06 10:05:59] Epoch=0349 Loss=0.4750
[2024-09-06 10:06:06] Epoch=0350 Loss=0.5567
[2024-09-06 10:06:12] Epoch=0351 Loss=0.4856
[2024-09-06 10:06:19] Epoch=0352 Loss=0.5300
[2024-09-06 10:06:25] Epoch=0353 Loss=0.5142
[2024-09-06 10:06:32] Epoch=0354 Loss=0.5606
[2024-09-06 10:06:39] Epoch=0355 Loss=0.5219
[2024-09-06 10:06:45] Epoch=0356 Loss=0.5008
[2024-09-06 10:06:55] Epoch=0357 Loss=0.5056
[2024-09-06 10:07:01] Epoch=0358 Loss=0.5311
[2024-09-06 10:07:08] Epoch=0359 Loss=0.5165
[2024-09-06 10:07:14] Epoch=0360 Loss=0.5458
[2024-09-06 10:07:21] Epoch=0361 Loss=0.4796
[2024-09-06 10:07:27] Epoch=0362 Loss=0.4656
[2024-09-06 10:07:34] Epoch=0363 Loss=0.4647
[2024-09-06 10:07:41] Epoch=0364 Loss=0.5037
[2024-09-06 10:07:47] Epoch=0365 Loss=0.5354
[2024-09-06 10:07:54] Epoch=0366 Loss=0.4698
[2024-09-06 10:08:00] Epoch=0367 Loss=0.4817
[2024-09-06 10:08:07] Epoch=0368 Loss=0.4984
[2024-09-06 10:08:13] Epoch=0369 Loss=0.5012
[2024-09-06 10:08:20] Epoch=0370 Loss=0.4969
[2024-09-06 10:08:27] Epoch=0371 Loss=0.5191
[2024-09-06 10:08:33] Epoch=0372 Loss=0.4794
[2024-09-06 10:08:39] Epoch=0373 Loss=0.4880
[2024-09-06 10:08:46] Epoch=0374 Loss=0.4596
[2024-09-06 10:08:52] Epoch=0375 Loss=0.4769
[2024-09-06 10:08:59] Epoch=0376 Loss=0.4763
[2024-09-06 10:09:06] Epoch=0377 Loss=0.5324
[2024-09-06 10:09:12] Epoch=0378 Loss=0.5180
[2024-09-06 10:09:18] Epoch=0379 Loss=0.4858
[2024-09-06 10:09:25] Epoch=0380 Loss=0.4905
[2024-09-06 10:09:32] Epoch=0381 Loss=0.4842
[2024-09-06 10:09:38] Epoch=0382 Loss=0.5097
[2024-09-06 10:09:44] Epoch=0383 Loss=0.5368
[2024-09-06 10:09:51] Epoch=0384 Loss=0.4689
[2024-09-06 10:09:57] Epoch=0385 Loss=0.5011
[2024-09-06 10:10:04] Epoch=0386 Loss=0.4799
[2024-09-06 10:10:10] Epoch=0387 Loss=0.4531
[2024-09-06 10:10:17] Epoch=0388 Loss=0.4778
[2024-09-06 10:10:23] Epoch=0389 Loss=0.4233
[2024-09-06 10:10:30] Epoch=0390 Loss=0.4639
[2024-09-06 10:10:36] Epoch=0391 Loss=0.4695
[2024-09-06 10:10:43] Epoch=0392 Loss=0.4848
[2024-09-06 10:10:49] Epoch=0393 Loss=0.4465
[2024-09-06 10:10:55] Epoch=0394 Loss=0.4658
[2024-09-06 10:11:02] Epoch=0395 Loss=0.4387
[2024-09-06 10:11:08] Epoch=0396 Loss=0.4269
[2024-09-06 10:11:15] Epoch=0397 Loss=0.4300
[2024-09-06 10:11:21] Epoch=0398 Loss=0.4849
[2024-09-06 10:11:28] Epoch=0399 Loss=0.4589
[2024-09-06 10:11:34] Epoch=0400 Loss=0.4691
[2024-09-06 10:11:41] Epoch=0401 Loss=0.4357
[2024-09-06 10:11:47] Epoch=0402 Loss=0.4406
[2024-09-06 10:11:53] Epoch=0403 Loss=0.4357
[2024-09-06 10:12:00] Epoch=0404 Loss=0.4538
[2024-09-06 10:12:06] Epoch=0405 Loss=0.4156
[2024-09-06 10:12:13] Epoch=0406 Loss=0.4393
[2024-09-06 10:12:19] Epoch=0407 Loss=0.4371
[2024-09-06 10:12:26] Epoch=0408 Loss=0.4388
[2024-09-06 10:12:32] Epoch=0409 Loss=0.4108
[2024-09-06 10:12:38] Epoch=0410 Loss=0.4286
[2024-09-06 10:12:45] Epoch=0411 Loss=0.4476
[2024-09-06 10:12:51] Epoch=0412 Loss=0.4443
[2024-09-06 10:12:58] Epoch=0413 Loss=0.4552
[2024-09-06 10:13:04] Epoch=0414 Loss=0.4305
[2024-09-06 10:13:11] Epoch=0415 Loss=0.4386
[2024-09-06 10:13:17] Epoch=0416 Loss=0.3989
[2024-09-06 10:13:24] Epoch=0417 Loss=0.4294
[2024-09-06 10:13:30] Epoch=0418 Loss=0.4262
[2024-09-06 10:13:37] Epoch=0419 Loss=0.4300
[2024-09-06 10:13:43] Epoch=0420 Loss=0.4339
[2024-09-06 10:13:49] Epoch=0421 Loss=0.4106
[2024-09-06 10:13:56] Epoch=0422 Loss=0.4313
[2024-09-06 10:14:02] Epoch=0423 Loss=0.4233
[2024-09-06 10:14:09] Epoch=0424 Loss=0.4434
[2024-09-06 10:14:15] Epoch=0425 Loss=0.4176
[2024-09-06 10:14:22] Epoch=0426 Loss=0.4291
[2024-09-06 10:14:28] Epoch=0427 Loss=0.4276
[2024-09-06 10:14:35] Epoch=0428 Loss=0.4332
[2024-09-06 10:14:42] Epoch=0429 Loss=0.4147
[2024-09-06 10:14:48] Epoch=0430 Loss=0.4004
[2024-09-06 10:14:55] Epoch=0431 Loss=0.4152
[2024-09-06 10:15:01] Epoch=0432 Loss=0.3829
[2024-09-06 10:15:07] Epoch=0433 Loss=0.4006
[2024-09-06 10:15:14] Epoch=0434 Loss=0.3906
[2024-09-06 10:15:20] Epoch=0435 Loss=0.3922
[2024-09-06 10:15:27] Epoch=0436 Loss=0.4009
[2024-09-06 10:15:33] Epoch=0437 Loss=0.3972
[2024-09-06 10:15:39] Epoch=0438 Loss=0.3955
[2024-09-06 10:15:46] Epoch=0439 Loss=0.4243
[2024-09-06 10:15:52] Epoch=0440 Loss=0.3885
[2024-09-06 10:15:59] Epoch=0441 Loss=0.4101
[2024-09-06 10:16:06] Epoch=0442 Loss=0.4104
[2024-09-06 10:16:12] Epoch=0443 Loss=0.4504
[2024-09-06 10:16:19] Epoch=0444 Loss=0.3651
[2024-09-06 10:16:25] Epoch=0445 Loss=0.3853
[2024-09-06 10:16:32] Epoch=0446 Loss=0.3891
[2024-09-06 10:16:38] Epoch=0447 Loss=0.3942
[2024-09-06 10:16:45] Epoch=0448 Loss=0.4156
[2024-09-06 10:16:51] Epoch=0449 Loss=0.4018
[2024-09-06 10:16:58] Epoch=0450 Loss=0.4014
[2024-09-06 10:17:04] Epoch=0451 Loss=0.3884
[2024-09-06 10:17:11] Epoch=0452 Loss=0.3837
[2024-09-06 10:17:18] Epoch=0453 Loss=0.4019
[2024-09-06 10:17:24] Epoch=0454 Loss=0.3761
[2024-09-06 10:17:31] Epoch=0455 Loss=0.3747
[2024-09-06 10:17:37] Epoch=0456 Loss=0.3800
[2024-09-06 10:17:44] Epoch=0457 Loss=0.3826
[2024-09-06 10:17:51] Epoch=0458 Loss=0.3636
[2024-09-06 10:17:57] Epoch=0459 Loss=0.3842
[2024-09-06 10:18:04] Epoch=0460 Loss=0.3812
[2024-09-06 10:18:10] Epoch=0461 Loss=0.3841
[2024-09-06 10:18:17] Epoch=0462 Loss=0.3693
[2024-09-06 10:18:23] Epoch=0463 Loss=0.3590
[2024-09-06 10:18:30] Epoch=0464 Loss=0.3499
[2024-09-06 10:18:36] Epoch=0465 Loss=0.3583
[2024-09-06 10:18:43] Epoch=0466 Loss=0.3874
[2024-09-06 10:18:49] Epoch=0467 Loss=0.3710
[2024-09-06 10:18:56] Epoch=0468 Loss=0.3814
[2024-09-06 10:19:02] Epoch=0469 Loss=0.3707
[2024-09-06 10:19:08] Epoch=0470 Loss=0.3674
[2024-09-06 10:19:15] Epoch=0471 Loss=0.3741
[2024-09-06 10:19:22] Epoch=0472 Loss=0.3715
[2024-09-06 10:19:28] Epoch=0473 Loss=0.3777
[2024-09-06 10:19:35] Epoch=0474 Loss=0.3220
[2024-09-06 10:19:41] Epoch=0475 Loss=0.3542
[2024-09-06 10:19:48] Epoch=0476 Loss=0.3412
[2024-09-06 10:19:54] Epoch=0477 Loss=0.3847
[2024-09-06 10:20:01] Epoch=0478 Loss=0.3709
[2024-09-06 10:20:07] Epoch=0479 Loss=0.3596
[2024-09-06 10:20:14] Epoch=0480 Loss=0.3417
[2024-09-06 10:20:20] Epoch=0481 Loss=0.3543
[2024-09-06 10:20:27] Epoch=0482 Loss=0.3464
[2024-09-06 10:20:33] Epoch=0483 Loss=0.3780
[2024-09-06 10:20:40] Epoch=0484 Loss=0.3708
[2024-09-06 10:20:46] Epoch=0485 Loss=0.3625
[2024-09-06 10:20:53] Epoch=0486 Loss=0.3601
[2024-09-06 10:20:59] Epoch=0487 Loss=0.3658
[2024-09-06 10:21:06] Epoch=0488 Loss=0.3644
[2024-09-06 10:21:12] Epoch=0489 Loss=0.3674
[2024-09-06 10:21:19] Epoch=0490 Loss=0.3681
[2024-09-06 10:21:25] Epoch=0491 Loss=0.3711
[2024-09-06 10:21:32] Epoch=0492 Loss=0.3417
[2024-09-06 10:21:38] Epoch=0493 Loss=0.3882
[2024-09-06 10:21:44] Epoch=0494 Loss=0.3645
[2024-09-06 10:21:51] Epoch=0495 Loss=0.3242
[2024-09-06 10:21:58] Epoch=0496 Loss=0.3255
[2024-09-06 10:22:04] Epoch=0497 Loss=0.3538
[2024-09-06 10:22:11] Epoch=0498 Loss=0.3400
[2024-09-06 10:22:17] Epoch=0499 Loss=0.3604
[2024-09-06 10:22:24] Epoch=0500 Loss=0.3539
[2024-09-06 10:22:30] Epoch=0501 Loss=0.3343
[2024-09-06 10:22:36] Epoch=0502 Loss=0.3486
[2024-09-06 10:22:43] Epoch=0503 Loss=0.3195
[2024-09-06 10:22:49] Epoch=0504 Loss=0.3445
[2024-09-06 10:22:56] Epoch=0505 Loss=0.3679
[2024-09-06 10:23:02] Epoch=0506 Loss=0.3360
[2024-09-06 10:23:08] Epoch=0507 Loss=0.3422
[2024-09-06 10:23:15] Epoch=0508 Loss=0.3293
[2024-09-06 10:23:21] Epoch=0509 Loss=0.3439
[2024-09-06 10:23:28] Epoch=0510 Loss=0.3203
[2024-09-06 10:23:34] Epoch=0511 Loss=0.3192
[2024-09-06 10:23:41] Epoch=0512 Loss=0.3202
[2024-09-06 10:23:47] Epoch=0513 Loss=0.3321
[2024-09-06 10:23:54] Epoch=0514 Loss=0.3566
[2024-09-06 10:24:00] Epoch=0515 Loss=0.3738
[2024-09-06 10:24:07] Epoch=0516 Loss=0.3181
[2024-09-06 10:24:13] Epoch=0517 Loss=0.3456
[2024-09-06 10:24:20] Epoch=0518 Loss=0.3341
[2024-09-06 10:24:26] Epoch=0519 Loss=0.3001
[2024-09-06 10:24:33] Epoch=0520 Loss=0.3173
[2024-09-06 10:24:39] Epoch=0521 Loss=0.3438
[2024-09-06 10:24:45] Epoch=0522 Loss=0.3425
[2024-09-06 10:24:52] Epoch=0523 Loss=0.3793
[2024-09-06 10:24:58] Epoch=0524 Loss=0.3283
[2024-09-06 10:25:04] Epoch=0525 Loss=0.3202
[2024-09-06 10:25:11] Epoch=0526 Loss=0.3333
[2024-09-06 10:25:17] Epoch=0527 Loss=0.3079
[2024-09-06 10:25:23] Epoch=0528 Loss=0.3423
[2024-09-06 10:25:30] Epoch=0529 Loss=0.3190
[2024-09-06 10:25:36] Epoch=0530 Loss=0.3417
[2024-09-06 10:25:43] Epoch=0531 Loss=0.3471
[2024-09-06 10:25:49] Epoch=0532 Loss=0.3212
[2024-09-06 10:25:56] Epoch=0533 Loss=0.3588
[2024-09-06 10:26:02] Epoch=0534 Loss=0.3697
[2024-09-06 10:26:08] Epoch=0535 Loss=0.3188
[2024-09-06 10:26:14] Epoch=0536 Loss=0.3048
[2024-09-06 10:26:21] Epoch=0537 Loss=0.3060
[2024-09-06 10:26:27] Epoch=0538 Loss=0.3088
[2024-09-06 10:26:34] Epoch=0539 Loss=0.2879
[2024-09-06 10:26:40] Epoch=0540 Loss=0.2944
[2024-09-06 10:26:47] Epoch=0541 Loss=0.3035
[2024-09-06 10:26:53] Epoch=0542 Loss=0.3119
[2024-09-06 10:27:00] Epoch=0543 Loss=0.3018
[2024-09-06 10:27:06] Epoch=0544 Loss=0.2568
[2024-09-06 10:27:12] Epoch=0545 Loss=0.3252
[2024-09-06 10:27:19] Epoch=0546 Loss=0.3128
[2024-09-06 10:27:25] Epoch=0547 Loss=0.2889
[2024-09-06 10:27:31] Epoch=0548 Loss=0.3057
[2024-09-06 10:27:38] Epoch=0549 Loss=0.2557
[2024-09-06 10:27:44] Epoch=0550 Loss=0.2896
[2024-09-06 10:27:50] Epoch=0551 Loss=0.2949
[2024-09-06 10:27:57] Epoch=0552 Loss=0.3249
[2024-09-06 10:28:03] Epoch=0553 Loss=0.2905
[2024-09-06 10:28:10] Epoch=0554 Loss=0.2797
[2024-09-06 10:28:16] Epoch=0555 Loss=0.2885
[2024-09-06 10:28:22] Epoch=0556 Loss=0.2768
[2024-09-06 10:28:29] Epoch=0557 Loss=0.2938
[2024-09-06 10:28:35] Epoch=0558 Loss=0.2591
[2024-09-06 10:28:41] Epoch=0559 Loss=0.2889
[2024-09-06 10:28:48] Epoch=0560 Loss=0.2739
[2024-09-06 10:28:54] Epoch=0561 Loss=0.2748
[2024-09-06 10:29:01] Epoch=0562 Loss=0.2755
[2024-09-06 10:29:07] Epoch=0563 Loss=0.2602
[2024-09-06 10:29:13] Epoch=0564 Loss=0.2697
[2024-09-06 10:29:20] Epoch=0565 Loss=0.2574
[2024-09-06 10:29:26] Epoch=0566 Loss=0.2806
[2024-09-06 10:29:32] Epoch=0567 Loss=0.3027
[2024-09-06 10:29:39] Epoch=0568 Loss=0.2562
[2024-09-06 10:29:45] Epoch=0569 Loss=0.2338
[2024-09-06 10:29:52] Epoch=0570 Loss=0.2316
[2024-09-06 10:29:58] Epoch=0571 Loss=0.2449
[2024-09-06 10:30:05] Epoch=0572 Loss=0.2436
[2024-09-06 10:30:11] Epoch=0573 Loss=0.2390
[2024-09-06 10:30:18] Epoch=0574 Loss=0.2509
[2024-09-06 10:30:24] Epoch=0575 Loss=0.2600
[2024-09-06 10:30:30] Epoch=0576 Loss=0.2435
[2024-09-06 10:30:37] Epoch=0577 Loss=0.2565
[2024-09-06 10:30:43] Epoch=0578 Loss=0.2535
[2024-09-06 10:30:50] Epoch=0579 Loss=0.2552
[2024-09-06 10:30:56] Epoch=0580 Loss=0.2460
[2024-09-06 10:31:02] Epoch=0581 Loss=0.2680
[2024-09-06 10:31:09] Epoch=0582 Loss=0.2478
[2024-09-06 10:31:15] Epoch=0583 Loss=0.2535
[2024-09-06 10:31:21] Epoch=0584 Loss=0.2482
[2024-09-06 10:31:27] Epoch=0585 Loss=0.2529
[2024-09-06 10:31:34] Epoch=0586 Loss=0.2189
[2024-09-06 10:31:40] Epoch=0587 Loss=0.2355
[2024-09-06 10:31:47] Epoch=0588 Loss=0.2346
[2024-09-06 10:31:53] Epoch=0589 Loss=0.2342
[2024-09-06 10:31:59] Epoch=0590 Loss=0.2293
[2024-09-06 10:32:06] Epoch=0591 Loss=0.2498
[2024-09-06 10:32:13] Epoch=0592 Loss=0.2528
[2024-09-06 10:32:19] Epoch=0593 Loss=0.2596
[2024-09-06 10:32:25] Epoch=0594 Loss=0.2345
[2024-09-06 10:32:32] Epoch=0595 Loss=0.2576
[2024-09-06 10:32:38] Epoch=0596 Loss=0.2301
[2024-09-06 10:32:44] Epoch=0597 Loss=0.2529
[2024-09-06 10:32:51] Epoch=0598 Loss=0.2301
[2024-09-06 10:32:57] Epoch=0599 Loss=0.2329
[2024-09-06 10:33:03] Epoch=0600 Loss=0.2089
[2024-09-06 10:33:10] Epoch=0601 Loss=0.2373
[2024-09-06 10:33:16] Epoch=0602 Loss=0.2140
[2024-09-06 10:33:23] Epoch=0603 Loss=0.2281
[2024-09-06 10:33:29] Epoch=0604 Loss=0.2348
[2024-09-06 10:33:36] Epoch=0605 Loss=0.2377
[2024-09-06 10:33:42] Epoch=0606 Loss=0.2209
[2024-09-06 10:33:49] Epoch=0607 Loss=0.2296
[2024-09-06 10:33:55] Epoch=0608 Loss=0.2200
[2024-09-06 10:34:02] Epoch=0609 Loss=0.2166
[2024-09-06 10:34:08] Epoch=0610 Loss=0.2353
[2024-09-06 10:34:15] Epoch=0611 Loss=0.2371
[2024-09-06 10:34:21] Epoch=0612 Loss=0.2161
[2024-09-06 10:34:27] Epoch=0613 Loss=0.2273
[2024-09-06 10:34:34] Epoch=0614 Loss=0.2164
[2024-09-06 10:34:40] Epoch=0615 Loss=0.2066
[2024-09-06 10:34:47] Epoch=0616 Loss=0.2190
[2024-09-06 10:34:53] Epoch=0617 Loss=0.2468
[2024-09-06 10:34:59] Epoch=0618 Loss=0.2165
[2024-09-06 10:35:06] Epoch=0619 Loss=0.2325
[2024-09-06 10:35:12] Epoch=0620 Loss=0.2169
[2024-09-06 10:35:19] Epoch=0621 Loss=0.2106
[2024-09-06 10:35:25] Epoch=0622 Loss=0.2138
[2024-09-06 10:35:31] Epoch=0623 Loss=0.2194
[2024-09-06 10:35:38] Epoch=0624 Loss=0.2029
[2024-09-06 10:35:44] Epoch=0625 Loss=0.2261
[2024-09-06 10:35:51] Epoch=0626 Loss=0.2432
[2024-09-06 10:35:57] Epoch=0627 Loss=0.2217
[2024-09-06 10:36:03] Epoch=0628 Loss=0.2353
[2024-09-06 10:36:10] Epoch=0629 Loss=0.2322
[2024-09-06 10:36:16] Epoch=0630 Loss=0.2378
[2024-09-06 10:36:23] Epoch=0631 Loss=0.2642
[2024-09-06 10:36:29] Epoch=0632 Loss=0.2315
[2024-09-06 10:36:35] Epoch=0633 Loss=0.2200
[2024-09-06 10:36:42] Epoch=0634 Loss=0.2088
[2024-09-06 10:36:48] Epoch=0635 Loss=0.2163
[2024-09-06 10:36:54] Epoch=0636 Loss=0.2279
[2024-09-06 10:37:01] Epoch=0637 Loss=0.2028
[2024-09-06 10:37:07] Epoch=0638 Loss=0.2059
[2024-09-06 10:37:14] Epoch=0639 Loss=0.2198
[2024-09-06 10:37:20] Epoch=0640 Loss=0.2118
[2024-09-06 10:37:27] Epoch=0641 Loss=0.2193
[2024-09-06 10:37:33] Epoch=0642 Loss=0.2148
[2024-09-06 10:37:39] Epoch=0643 Loss=0.2099
[2024-09-06 10:37:46] Epoch=0644 Loss=0.2093
[2024-09-06 10:37:52] Epoch=0645 Loss=0.2154
[2024-09-06 10:37:58] Epoch=0646 Loss=0.2347
[2024-09-06 10:38:05] Epoch=0647 Loss=0.2222
[2024-09-06 10:38:11] Epoch=0648 Loss=0.2168
[2024-09-06 10:38:18] Epoch=0649 Loss=0.2030
[2024-09-06 10:38:24] Epoch=0650 Loss=0.2166
[2024-09-06 10:38:30] Epoch=0651 Loss=0.2100
[2024-09-06 10:38:37] Epoch=0652 Loss=0.2158
[2024-09-06 10:38:43] Epoch=0653 Loss=0.2185
[2024-09-06 10:38:49] Epoch=0654 Loss=0.2062
[2024-09-06 10:38:56] Epoch=0655 Loss=0.2007
[2024-09-06 10:39:02] Epoch=0656 Loss=0.2088
[2024-09-06 10:39:08] Epoch=0657 Loss=0.2094
[2024-09-06 10:39:14] Epoch=0658 Loss=0.2044
[2024-09-06 10:39:21] Epoch=0659 Loss=0.2177
[2024-09-06 10:39:27] Epoch=0660 Loss=0.2142
[2024-09-06 10:39:33] Epoch=0661 Loss=0.2156
[2024-09-06 10:39:40] Epoch=0662 Loss=0.2146
[2024-09-06 10:39:46] Epoch=0663 Loss=0.2112
[2024-09-06 10:39:53] Epoch=0664 Loss=0.2171
[2024-09-06 10:39:59] Epoch=0665 Loss=0.2145
[2024-09-06 10:40:06] Epoch=0666 Loss=0.1974
[2024-09-06 10:40:12] Epoch=0667 Loss=0.1985
[2024-09-06 10:40:18] Epoch=0668 Loss=0.2365
[2024-09-06 10:40:25] Epoch=0669 Loss=0.2117
[2024-09-06 10:40:31] Epoch=0670 Loss=0.2140
[2024-09-06 10:40:38] Epoch=0671 Loss=0.2032
[2024-09-06 10:40:44] Epoch=0672 Loss=0.2058
[2024-09-06 10:40:51] Epoch=0673 Loss=0.2117
[2024-09-06 10:40:57] Epoch=0674 Loss=0.2060
[2024-09-06 10:41:04] Epoch=0675 Loss=0.2068
[2024-09-06 10:41:10] Epoch=0676 Loss=0.2151
[2024-09-06 10:41:17] Epoch=0677 Loss=0.2068
[2024-09-06 10:41:23] Epoch=0678 Loss=0.2236
[2024-09-06 10:41:29] Epoch=0679 Loss=0.2147
[2024-09-06 10:41:36] Epoch=0680 Loss=0.2336
[2024-09-06 10:41:43] Epoch=0681 Loss=0.2179
[2024-09-06 10:41:49] Epoch=0682 Loss=0.2230
[2024-09-06 10:41:56] Epoch=0683 Loss=0.2022
[2024-09-06 10:42:02] Epoch=0684 Loss=0.2374
[2024-09-06 10:42:09] Epoch=0685 Loss=0.2149
[2024-09-06 10:42:15] Epoch=0686 Loss=0.2100
[2024-09-06 10:42:21] Epoch=0687 Loss=0.2204
[2024-09-06 10:42:28] Epoch=0688 Loss=0.2111
[2024-09-06 10:42:34] Epoch=0689 Loss=0.2250
[2024-09-06 10:42:41] Epoch=0690 Loss=0.2238
[2024-09-06 10:42:47] Epoch=0691 Loss=0.2115
[2024-09-06 10:42:54] Epoch=0692 Loss=0.2053
[2024-09-06 10:43:00] Epoch=0693 Loss=0.2145
[2024-09-06 10:43:06] Epoch=0694 Loss=0.2047
[2024-09-06 10:43:13] Epoch=0695 Loss=0.2022
[2024-09-06 10:43:19] Epoch=0696 Loss=0.2110
[2024-09-06 10:43:26] Epoch=0697 Loss=0.2146
[2024-09-06 10:43:32] Epoch=0698 Loss=0.2005
[2024-09-06 10:43:39] Epoch=0699 Loss=0.1933
[2024-09-06 10:43:45] Epoch=0700 Loss=0.2117
[2024-09-06 10:43:52] Epoch=0701 Loss=0.2078
[2024-09-06 10:43:58] Epoch=0702 Loss=0.1973
[2024-09-06 10:44:05] Epoch=0703 Loss=0.1950
[2024-09-06 10:44:11] Epoch=0704 Loss=0.1971
[2024-09-06 10:44:17] Epoch=0705 Loss=0.2178
[2024-09-06 10:44:24] Epoch=0706 Loss=0.1967
[2024-09-06 10:44:30] Epoch=0707 Loss=0.2064
[2024-09-06 10:44:36] Epoch=0708 Loss=0.2044
[2024-09-06 10:44:43] Epoch=0709 Loss=0.2177
[2024-09-06 10:44:49] Epoch=0710 Loss=0.2210
[2024-09-06 10:44:55] Epoch=0711 Loss=0.2078
[2024-09-06 10:45:02] Epoch=0712 Loss=0.2178
[2024-09-06 10:45:08] Epoch=0713 Loss=0.1994
[2024-09-06 10:45:14] Epoch=0714 Loss=0.2185
[2024-09-06 10:45:21] Epoch=0715 Loss=0.1892
[2024-09-06 10:45:27] Epoch=0716 Loss=0.1979
[2024-09-06 10:45:34] Epoch=0717 Loss=0.1904
[2024-09-06 10:45:40] Epoch=0718 Loss=0.2059
[2024-09-06 10:45:47] Epoch=0719 Loss=0.1973
[2024-09-06 10:45:53] Epoch=0720 Loss=0.2215
[2024-09-06 10:46:00] Epoch=0721 Loss=0.2147
[2024-09-06 10:46:06] Epoch=0722 Loss=0.1875
[2024-09-06 10:46:12] Epoch=0723 Loss=0.1913
[2024-09-06 10:46:19] Epoch=0724 Loss=0.1999
[2024-09-06 10:46:25] Epoch=0725 Loss=0.1972
[2024-09-06 10:46:32] Epoch=0726 Loss=0.2068
[2024-09-06 10:46:38] Epoch=0727 Loss=0.1955
[2024-09-06 10:46:45] Epoch=0728 Loss=0.1913
[2024-09-06 10:46:51] Epoch=0729 Loss=0.2066
[2024-09-06 10:46:58] Epoch=0730 Loss=0.2017
[2024-09-06 10:47:04] Epoch=0731 Loss=0.2037
[2024-09-06 10:47:10] Epoch=0732 Loss=0.2123
[2024-09-06 10:47:17] Epoch=0733 Loss=0.2121
[2024-09-06 10:47:23] Epoch=0734 Loss=0.2172
[2024-09-06 10:47:30] Epoch=0735 Loss=0.2137
[2024-09-06 10:47:36] Epoch=0736 Loss=0.2123
[2024-09-06 10:47:43] Epoch=0737 Loss=0.1883
[2024-09-06 10:47:49] Epoch=0738 Loss=0.2200
[2024-09-06 10:47:56] Epoch=0739 Loss=0.1962
[2024-09-06 10:48:02] Epoch=0740 Loss=0.2014
[2024-09-06 10:48:09] Epoch=0741 Loss=0.1969
[2024-09-06 10:48:15] Epoch=0742 Loss=0.1909
[2024-09-06 10:48:22] Epoch=0743 Loss=0.2112
[2024-09-06 10:48:28] Epoch=0744 Loss=0.1955
[2024-09-06 10:48:34] Epoch=0745 Loss=0.1985
[2024-09-06 10:48:41] Epoch=0746 Loss=0.2019
[2024-09-06 10:48:47] Epoch=0747 Loss=0.1945
[2024-09-06 10:48:54] Epoch=0748 Loss=0.2067
[2024-09-06 10:49:00] Epoch=0749 Loss=0.2128
[2024-09-06 10:49:06] Epoch=0750 Loss=0.1915
[2024-09-06 10:49:13] Epoch=0751 Loss=0.2000
[2024-09-06 10:49:19] Epoch=0752 Loss=0.1899
[2024-09-06 10:49:26] Epoch=0753 Loss=0.1938
[2024-09-06 10:49:32] Epoch=0754 Loss=0.1972
[2024-09-06 10:49:38] Epoch=0755 Loss=0.1853
[2024-09-06 10:49:45] Epoch=0756 Loss=0.1991
[2024-09-06 10:49:51] Epoch=0757 Loss=0.2101
[2024-09-06 10:49:58] Epoch=0758 Loss=0.2063
[2024-09-06 10:50:04] Epoch=0759 Loss=0.1984
[2024-09-06 10:50:11] Epoch=0760 Loss=0.1897
[2024-09-06 10:50:17] Epoch=0761 Loss=0.1874
[2024-09-06 10:50:23] Epoch=0762 Loss=0.1934
[2024-09-06 10:50:30] Epoch=0763 Loss=0.1945
[2024-09-06 10:50:36] Epoch=0764 Loss=0.1922
[2024-09-06 10:50:42] Epoch=0765 Loss=0.1873
[2024-09-06 10:50:48] Epoch=0766 Loss=0.1929
[2024-09-06 10:50:55] Epoch=0767 Loss=0.2024
[2024-09-06 10:51:01] Epoch=0768 Loss=0.1851
[2024-09-06 10:51:07] Epoch=0769 Loss=0.1911
[2024-09-06 10:51:14] Epoch=0770 Loss=0.2100
[2024-09-06 10:51:20] Epoch=0771 Loss=0.1916
[2024-09-06 10:51:27] Epoch=0772 Loss=0.1788
[2024-09-06 10:51:33] Epoch=0773 Loss=0.1905
[2024-09-06 10:51:40] Epoch=0774 Loss=0.1867
[2024-09-06 10:51:46] Epoch=0775 Loss=0.1882
[2024-09-06 10:51:52] Epoch=0776 Loss=0.2022
[2024-09-06 10:51:59] Epoch=0777 Loss=0.1923
[2024-09-06 10:52:05] Epoch=0778 Loss=0.1987
[2024-09-06 10:52:12] Epoch=0779 Loss=0.1986
[2024-09-06 10:52:18] Epoch=0780 Loss=0.2076
[2024-09-06 10:52:24] Epoch=0781 Loss=0.1840
[2024-09-06 10:52:31] Epoch=0782 Loss=0.1972
[2024-09-06 10:52:37] Epoch=0783 Loss=0.2060
[2024-09-06 10:52:44] Epoch=0784 Loss=0.2205
[2024-09-06 10:52:50] Epoch=0785 Loss=0.2148
[2024-09-06 10:52:57] Epoch=0786 Loss=0.2467
[2024-09-06 10:53:03] Epoch=0787 Loss=0.2331
[2024-09-06 10:53:09] Epoch=0788 Loss=0.2480
[2024-09-06 10:53:16] Epoch=0789 Loss=0.2024
[2024-09-06 10:53:22] Epoch=0790 Loss=0.1931
[2024-09-06 10:53:29] Epoch=0791 Loss=0.1981
[2024-09-06 10:53:35] Epoch=0792 Loss=0.1998
[2024-09-06 10:53:42] Epoch=0793 Loss=0.1917
[2024-09-06 10:53:48] Epoch=0794 Loss=0.1933
[2024-09-06 10:53:55] Epoch=0795 Loss=0.1912
[2024-09-06 10:54:01] Epoch=0796 Loss=0.2063
[2024-09-06 10:54:08] Epoch=0797 Loss=0.2114
[2024-09-06 10:54:14] Epoch=0798 Loss=0.1936
[2024-09-06 10:54:21] Epoch=0799 Loss=0.1906
[2024-09-06 10:54:27] Epoch=0800 Loss=0.2048
[2024-09-06 10:54:33] Epoch=0801 Loss=0.1970
[2024-09-06 10:54:40] Epoch=0802 Loss=0.1812
[2024-09-06 10:54:46] Epoch=0803 Loss=0.1802
[2024-09-06 10:54:53] Epoch=0804 Loss=0.1926
[2024-09-06 10:54:59] Epoch=0805 Loss=0.1844
[2024-09-06 10:55:05] Epoch=0806 Loss=0.1988
[2024-09-06 10:55:12] Epoch=0807 Loss=0.1800
[2024-09-06 10:55:18] Epoch=0808 Loss=0.1904
[2024-09-06 10:55:24] Epoch=0809 Loss=0.2222
[2024-09-06 10:55:31] Epoch=0810 Loss=0.1864
[2024-09-06 10:55:37] Epoch=0811 Loss=0.1845
[2024-09-06 10:55:44] Epoch=0812 Loss=0.1867
[2024-09-06 10:55:51] Epoch=0813 Loss=0.2053
[2024-09-06 10:55:57] Epoch=0814 Loss=0.2119
[2024-09-06 10:56:03] Epoch=0815 Loss=0.1885
[2024-09-06 10:56:10] Epoch=0816 Loss=0.1704
[2024-09-06 10:56:16] Epoch=0817 Loss=0.1878
[2024-09-06 10:56:22] Epoch=0818 Loss=0.1988
[2024-09-06 10:56:29] Epoch=0819 Loss=0.1929
[2024-09-06 10:56:35] Epoch=0820 Loss=0.1938
[2024-09-06 10:56:42] Epoch=0821 Loss=0.1885
[2024-09-06 10:56:48] Epoch=0822 Loss=0.1805
[2024-09-06 10:56:54] Epoch=0823 Loss=0.2020
[2024-09-06 10:57:01] Epoch=0824 Loss=0.2039
[2024-09-06 10:57:07] Epoch=0825 Loss=0.1844
[2024-09-06 10:57:13] Epoch=0826 Loss=0.1943
[2024-09-06 10:57:20] Epoch=0827 Loss=0.1891
[2024-09-06 10:57:26] Epoch=0828 Loss=0.1916
[2024-09-06 10:57:33] Epoch=0829 Loss=0.1881
[2024-09-06 10:57:39] Epoch=0830 Loss=0.1878
[2024-09-06 10:57:46] Epoch=0831 Loss=0.1917
[2024-09-06 10:57:52] Epoch=0832 Loss=0.1802
[2024-09-06 10:57:59] Epoch=0833 Loss=0.1936
[2024-09-06 10:58:05] Epoch=0834 Loss=0.1838
[2024-09-06 10:58:12] Epoch=0835 Loss=0.1825
[2024-09-06 10:58:18] Epoch=0836 Loss=0.1987
[2024-09-06 10:58:25] Epoch=0837 Loss=0.1773
[2024-09-06 10:58:31] Epoch=0838 Loss=0.1860
[2024-09-06 10:58:38] Epoch=0839 Loss=0.1791
[2024-09-06 10:58:44] Epoch=0840 Loss=0.2071
[2024-09-06 10:58:51] Epoch=0841 Loss=0.2158
[2024-09-06 10:58:57] Epoch=0842 Loss=0.1808
[2024-09-06 10:59:03] Epoch=0843 Loss=0.2151
[2024-09-06 10:59:10] Epoch=0844 Loss=0.1973
[2024-09-06 10:59:16] Epoch=0845 Loss=0.1976
[2024-09-06 10:59:23] Epoch=0846 Loss=0.1920
[2024-09-06 10:59:29] Epoch=0847 Loss=0.2023
[2024-09-06 10:59:35] Epoch=0848 Loss=0.1947
[2024-09-06 10:59:42] Epoch=0849 Loss=0.1916
[2024-09-06 10:59:48] Epoch=0850 Loss=0.1829
[2024-09-06 10:59:55] Epoch=0851 Loss=0.1957
[2024-09-06 11:00:01] Epoch=0852 Loss=0.2020
[2024-09-06 11:00:08] Epoch=0853 Loss=0.1890
[2024-09-06 11:00:14] Epoch=0854 Loss=0.1811
[2024-09-06 11:00:21] Epoch=0855 Loss=0.1805
[2024-09-06 11:00:27] Epoch=0856 Loss=0.1913
[2024-09-06 11:00:34] Epoch=0857 Loss=0.1826
[2024-09-06 11:00:40] Epoch=0858 Loss=0.1905
[2024-09-06 11:00:47] Epoch=0859 Loss=0.1877
[2024-09-06 11:00:53] Epoch=0860 Loss=0.1929
[2024-09-06 11:00:59] Epoch=0861 Loss=0.1796
[2024-09-06 11:01:06] Epoch=0862 Loss=0.1833
[2024-09-06 11:01:12] Epoch=0863 Loss=0.1908
[2024-09-06 11:01:18] Epoch=0864 Loss=0.1732
[2024-09-06 11:01:25] Epoch=0865 Loss=0.1774
[2024-09-06 11:01:31] Epoch=0866 Loss=0.1848
[2024-09-06 11:01:31] Training completed.
[2024-09-06 11:01:31] Min train loss: 0.1704 | Epoch: 0815
[2024-09-06 11:01:31] Save to D:\LSL\MyFILES\PRO\NEW_OnePPI(drug)_sim\drug\data\Dcy_GAT_OnePPI_concat+emb_(target_sim)_0.2_mdl_drug_64x128_2409060928
[2024-09-06 11:01:32] Save train loss curve to D:\LSL\MyFILES\PRO\NEW_OnePPI(drug)_sim\drug\data\Dcy_GAT_OnePPI_concat+emb_(target_sim)_0.2_mdl_drug_64x128_2409060928\loss.pkl
[2024-09-06 11:01:32] Save D:\LSL\MyFILES\PRO\NEW_OnePPI(drug)_sim\drug\data\Dcy_GAT_OnePPI_concat+emb_(target_sim)_0.2_mdl_drug_64x128_2409060928\embeddings128.npy
[2024-09-06 11:01:32] Save D:\LSL\MyFILES\PRO\NEW_OnePPI(drug)_sim\drug\data\Dcy_GAT_OnePPI_concat+emb_(target_sim)_0.2_mdl_drug_64x128_2409060928\best_attention.npy
